
[FAIL] Category: CARACTERES A LA VOLEE (SYNTAXE)  ðŸŒ¦ | Line: 29
Command: $> ! -> '!'
Expected Exit: 1 | Actual Exit: 0
Expected Output: 
Actual Output (Combined):
foo$> !

foo$> exit
No such file or directory
Notes: 
Reasons: Exit Code Mismatch: Expected 1, Got 0
--------------------------------------------------


[FAIL] Category: CARACTERES A LA VOLEE (SYNTAXE)  ðŸŒ¦ | Line: 30
Command: $> > -> '>'
Expected Exit: 2 | Actual Exit: 0
Expected Output: bash: syntax error near
unexpected token `newline'
$>
Actual Output (Combined):
foo$> >

foo$> exit
Minishell : Syntax error near unexpected token 'newline'
Notes: 
Reasons: Exit Code Mismatch: Expected 2, Got 0
--------------------------------------------------


[FAIL] Category: CARACTERES A LA VOLEE (SYNTAXE)  ðŸŒ¦ | Line: 31
Command: $> < -> '<'
Expected Exit: 2 | Actual Exit: 0
Expected Output: 
Actual Output (Combined):
foo$> <

foo$> exit
Minishell : Syntax error near unexpected token 'newline'
Notes: 
Reasons: Exit Code Mismatch: Expected 2, Got 0
--------------------------------------------------


[FAIL] Category: CARACTERES A LA VOLEE (SYNTAXE)  ðŸŒ¦ | Line: 32
Command: $> >> -> '>>'
Expected Exit: 2 | Actual Exit: 0
Expected Output: 
Actual Output (Combined):
foo$> >>

foo$> exit
Minishell : Syntax error near unexpected token 'newline'
Notes: 
Reasons: Exit Code Mismatch: Expected 2, Got 0
--------------------------------------------------


[FAIL] Category: CARACTERES A LA VOLEE (SYNTAXE)  ðŸŒ¦ | Line: 33
Command: $> << -> '<<'
Expected Exit: 2 | Actual Exit: 0
Expected Output: 
Actual Output (Combined):
foo$> <<

foo$> exit
Minishell : Syntax error near unexpected token 'newline'
Notes: 
Reasons: Exit Code Mismatch: Expected 2, Got 0
--------------------------------------------------


[FAIL] Category: CARACTERES A LA VOLEE (SYNTAXE)  ðŸŒ¦ | Line: 34
Command: $> <> -> '<>'
Expected Exit: 2 | Actual Exit: 0
Expected Output: 
Actual Output (Combined):
foo$> <>

foo$> exit
Minishell : Error parsing
Notes: 
Reasons: Exit Code Mismatch: Expected 2, Got 0
--------------------------------------------------


[FAIL] Category: CARACTERES A LA VOLEE (SYNTAXE)  ðŸŒ¦ | Line: 35
Command: $> >>>>> -> '>>>>>'
Expected Exit: 2 | Actual Exit: 0
Expected Output: bash: syntax error near
unexpected token `>>'
$>
Actual Output (Combined):
foo$> >>>>>

foo$> exit
Minishell : Error parsing
Notes: 
Reasons: Exit Code Mismatch: Expected 2, Got 0
--------------------------------------------------


[FAIL] Category: CARACTERES A LA VOLEE (SYNTAXE)  ðŸŒ¦ | Line: 36
Command: $> >>>>>>>>>>>>>>> -> '>>>>>>>>>>>>>>>'
Expected Exit: 2 | Actual Exit: 0
Expected Output: bash: syntax error near
unexpected token `>>'
$>
Actual Output (Combined):
foo$> >>>>>>>>>>>>>>>

foo$> exit
Minishell : Error parsing
Notes: 
Reasons: Exit Code Mismatch: Expected 2, Got 0
--------------------------------------------------


[FAIL] Category: CARACTERES A LA VOLEE (SYNTAXE)  ðŸŒ¦ | Line: 37
Command: $> <<<<< -> '<<<<<'
Expected Exit: 2 | Actual Exit: 0
Expected Output: bash: syntax error near
unexpected token `<<'
$>
Actual Output (Combined):
foo$> <<<<<

foo$> exit
Minishell : Error parsing
Notes: 
Reasons: Exit Code Mismatch: Expected 2, Got 0
--------------------------------------------------


[FAIL] Category: CARACTERES A LA VOLEE (SYNTAXE)  ðŸŒ¦ | Line: 38
Command: $> <<<<<<<<<<<<<<<< -> '<<<<<<<<<<<<<<<<'
Expected Exit: 2 | Actual Exit: 0
Expected Output: bash: syntax error near
unexpected token `<<'
$>
Actual Output (Combined):
foo$> <<<<<<<<<<<<<<<<

foo$> exit
Minishell : Error parsing
Notes: 
Reasons: Exit Code Mismatch: Expected 2, Got 0
--------------------------------------------------


[FAIL] Category: CARACTERES A LA VOLEE (SYNTAXE)  ðŸŒ¦ | Line: 39
Command: $> > > > > -> '> > > >'
Expected Exit: 2 | Actual Exit: 0
Expected Output: bash: syntax error near
unexpected token `>'
$>
Actual Output (Combined):
foo$> > > > >

foo$> exit
Bad address
Notes: Marche aussi pour <
Reasons: Exit Code Mismatch: Expected 2, Got 0
--------------------------------------------------


[FAIL] Category: CARACTERES A LA VOLEE (SYNTAXE)  ðŸŒ¦ | Line: 40
Command: $> >> >> >> >> -> '>> >> >> >>'
Expected Exit: 2 | Actual Exit: 0
Expected Output: bash: syntax error near
unexpected token `>>'
$>
Actual Output (Combined):
foo$> >> >> >> >>

foo$> exit
Bad address
Notes: Marche aussi pour <
Reasons: Exit Code Mismatch: Expected 2, Got 0
--------------------------------------------------


[FAIL] Category: CARACTERES A LA VOLEE (SYNTAXE)  ðŸŒ¦ | Line: 41
Command: $> >>>> >> >> >> -> '>>>> >> >> >>'
Expected Exit: 2 | Actual Exit: 0
Expected Output: bash: syntax error near
unexpected token `>>'
$>
Actual Output (Combined):
foo$> >>>> >> >> >>

foo$> exit
Minishell : Error parsing
Notes: Marche aussi pour <
Reasons: Exit Code Mismatch: Expected 2, Got 0
--------------------------------------------------


[FAIL] Category: CARACTERES A LA VOLEE (SYNTAXE)  ðŸŒ¦ | Line: 42
Command: $> / -> '/'
Expected Exit: 126 | Actual Exit: 0
Expected Output: bash: /: Is a directory
$>
Actual Output (Combined):
foo$> /

foo$> exit
Permission denied
Notes: 
Reasons: Exit Code Mismatch: Expected 126, Got 0
--------------------------------------------------


[FAIL] Category: CARACTERES A LA VOLEE (SYNTAXE)  ðŸŒ¦ | Line: 43
Command: $> // -> '//'
Expected Exit: 126 | Actual Exit: 0
Expected Output: bash: //: Is a directory
$>
Actual Output (Combined):
foo$> //

foo$> exit
Permission denied
Notes: 
Reasons: Exit Code Mismatch: Expected 126, Got 0
--------------------------------------------------


[FAIL] Category: CARACTERES A LA VOLEE (SYNTAXE)  ðŸŒ¦ | Line: 44
Command: $> /. -> '/.'
Expected Exit: 126 | Actual Exit: 0
Expected Output: bash: /.: Is a directory
$>
Actual Output (Combined):
foo$> /.

foo$> exit
Permission denied
Notes: 
Reasons: Exit Code Mismatch: Expected 126, Got 0
--------------------------------------------------


[FAIL] Category: CARACTERES A LA VOLEE (SYNTAXE)  ðŸŒ¦ | Line: 45
Command: $> /./../../../../.. -> '/./../../../../..'
Expected Exit: 126 | Actual Exit: 0
Expected Output: bash: /./../../../../..: Is a directory
$>
Actual Output (Combined):
foo$> /./../../../../..

foo$> exit
Permission denied
Notes: 
Reasons: Exit Code Mismatch: Expected 126, Got 0
--------------------------------------------------


[FAIL] Category: CARACTERES A LA VOLEE (SYNTAXE)  ðŸŒ¦ | Line: 46
Command: $> /////// -> '///////'
Expected Exit: 126 | Actual Exit: 0
Expected Output: bash: ///////: Is a directory
$>
Actual Output (Combined):
foo$> ///////

foo$> exit
Permission denied
Notes: 
Reasons: Exit Code Mismatch: Expected 126, Got 0
--------------------------------------------------


[FAIL] Category: CARACTERES A LA VOLEE (SYNTAXE)  ðŸŒ¦ | Line: 50
Command: $> - -> '-'
Expected Exit: 127 | Actual Exit: 0
Expected Output: bash: -: command not found
$>
Actual Output (Combined):
foo$> -

foo$> exit
No such file or directory
Notes: Marche aussi pour "_@Â°]=+Â£$?"
Reasons: Exit Code Mismatch: Expected 127, Got 0
--------------------------------------------------


[FAIL] Category: CARACTERES A LA VOLEE (SYNTAXE)  ðŸŒ¦ | Line: 51
Command: $> | -> '|'
Expected Exit: 2 | Actual Exit: 0
Expected Output: bash: syntax error near
unexpected token `|'
$>
Actual Output (Combined):
foo$> |

foo$> exit
Bad address
Notes: Marche aussi pour les metacharacters "&();"
Reasons: Exit Code Mismatch: Expected 2, Got 0
--------------------------------------------------


[FAIL] Category: CARACTERES A LA VOLEE (SYNTAXE)  ðŸŒ¦ | Line: 52
Command: $> | hola -> '| hola'
Expected Exit: 2 | Actual Exit: 0
Expected Output: bash: syntax error near
unexpected token `|'
$>
Actual Output (Combined):
foo$> | hola

foo$> exit
Bad addressNo such file or directory
Notes: 
Reasons: Exit Code Mismatch: Expected 2, Got 0
--------------------------------------------------


[FAIL] Category: CARACTERES A LA VOLEE (SYNTAXE)  ðŸŒ¦ | Line: 53
Command: $> | | | -> '| | |'
Expected Exit: 2 | Actual Exit: 0
Expected Output: bash: syntax error near
unexpected token `|'
$>
Actual Output (Combined):
foo$> | | |


foo$> exit
Bad addressBad addressBad address
Notes: 
Reasons: Exit Code Mismatch: Expected 2, Got 0
--------------------------------------------------


[FAIL] Category: CARACTERES A LA VOLEE (SYNTAXE)  ðŸŒ¦ | Line: 54
Command: $> || -> '||'
Expected Exit: 2 | Actual Exit: 0
Expected Output: bash: syntax error near
unexpected token `||'
$>
Actual Output (Combined):
foo$> ||

foo$> exit
Minishell : Error parsing
Notes: 
Reasons: Exit Code Mismatch: Expected 2, Got 0
--------------------------------------------------


[FAIL] Category: CARACTERES A LA VOLEE (SYNTAXE)  ðŸŒ¦ | Line: 55
Command: $> ||||| -> '|||||'
Expected Exit: 2 | Actual Exit: 0
Expected Output: bash: syntax error near
unexpected token `||'
$>
Actual Output (Combined):
foo$> |||||

foo$> exit
Minishell : Error parsing
Notes: 
Reasons: Exit Code Mismatch: Expected 2, Got 0
--------------------------------------------------


[FAIL] Category: CARACTERES A LA VOLEE (SYNTAXE)  ðŸŒ¦ | Line: 56
Command: $> ||||||||||||| -> '|||||||||||||'
Expected Exit: 2 | Actual Exit: 0
Expected Output: bash: syntax error near
unexpected token `||'
$>
Actual Output (Combined):
foo$> |||||||||||||

foo$> exit
Minishell : Error parsing
Notes: 
Reasons: Exit Code Mismatch: Expected 2, Got 0
--------------------------------------------------


[FAIL] Category: CARACTERES A LA VOLEE (SYNTAXE)  ðŸŒ¦ | Line: 57
Command: $> >>|>< -> '>>|><'
Expected Exit: 2 | Actual Exit: 0
Expected Output: bash: syntax error near
unexpected token `|'
$>
Actual Output (Combined):
foo$> >>|><

foo$> exit
Bad address
Notes: 
Reasons: Exit Code Mismatch: Expected 2, Got 0
--------------------------------------------------


[FAIL] Category: CARACTERES A LA VOLEE (SYNTAXE)  ðŸŒ¦ | Line: 58
Command: $> && -> '&&'
Expected Exit: 2 | Actual Exit: 0
Expected Output: bash: syntax error near
unexpected token `&&'
$>
Actual Output (Combined):
foo$> &&

foo$> exit
No such file or directory
Notes: 
Reasons: Exit Code Mismatch: Expected 2, Got 0
--------------------------------------------------


[FAIL] Category: CARACTERES A LA VOLEE (SYNTAXE)  ðŸŒ¦ | Line: 59
Command: $> &&&&& -> '&&&&&'
Expected Exit: 2 | Actual Exit: 0
Expected Output: bash: syntax error near
unexpected token `&&'
$>
Actual Output (Combined):
foo$> &&&&&

foo$> exit
No such file or directory
Notes: 
Reasons: Exit Code Mismatch: Expected 2, Got 0
--------------------------------------------------


[FAIL] Category: CARACTERES A LA VOLEE (SYNTAXE)  ðŸŒ¦ | Line: 60
Command: $> &&&&&&&&&&&&&& -> '&&&&&&&&&&&&&&'
Expected Exit: 2 | Actual Exit: 0
Expected Output: bash: syntax error near
unexpected token `&&'
$>
Actual Output (Combined):
foo$> &&&&&&&&&&&&&&

foo$> exit
No such file or directory
Notes: 
Reasons: Exit Code Mismatch: Expected 2, Got 0
--------------------------------------------------


[FAIL] Category: CARACTERES A LA VOLEE (SYNTAXE)  ðŸŒ¦ | Line: 68
Command: $> "hola" -> '"hola"'
Expected Exit: 127 | Actual Exit: 0
Expected Output: bash: hola: command not found
$>
Actual Output (Combined):
foo$> "hola"

foo$> exit
No such file or directory
Notes: 
Reasons: Exit Code Mismatch: Expected 127, Got 0
--------------------------------------------------


[FAIL] Category: CARACTERES A LA VOLEE (SYNTAXE)  ðŸŒ¦ | Line: 69
Command: $> 'hola' -> ''hola''
Expected Exit: 127 | Actual Exit: 0
Expected Output: bash: hola: command not found
$>
Actual Output (Combined):
foo$> 'hola'

foo$> exit
No such file or directory
Notes: 
Reasons: Exit Code Mismatch: Expected 127, Got 0
--------------------------------------------------


[FAIL] Category: CARACTERES A LA VOLEE (SYNTAXE)  ðŸŒ¦ | Line: 79
Command: hola -> 'hola'
Expected Exit: 127 | Actual Exit: 0
Expected Output: bash: hola: command not found
$>
Actual Output (Combined):
foo$> hola

foo$> exit
No such file or directory
Notes: 
Reasons: Exit Code Mismatch: Expected 127, Got 0
--------------------------------------------------


[FAIL] Category: CARACTERES A LA VOLEE (SYNTAXE)  ðŸŒ¦ | Line: 80
Command: $> hola que tal -> 'hola que tal'
Expected Exit: 127 | Actual Exit: 0
Expected Output: bash: hola: command not found
$>
Actual Output (Combined):
foo$> hola que tal

foo$> exit
No such file or directory
Notes: 
Reasons: Exit Code Mismatch: Expected 127, Got 0
--------------------------------------------------


[FAIL] Category: CARACTERES A LA VOLEE (SYNTAXE)  ðŸŒ¦ | Line: 81
Command: $> Makefile -> 'Makefile'
Expected Exit: 127 | Actual Exit: 0
Expected Output: bash: Makefile: command not found
$>
Actual Output (Combined):
foo$> Makefile

foo$> exit
No such file or directory
Notes: 
Reasons: Exit Code Mismatch: Expected 127, Got 0
--------------------------------------------------


[FAIL] Category: ECHO   ðŸŽ‰ | Line: 85
Command: $> echoHola -> 'echoHola'
Expected Exit: 127 | Actual Exit: 0
Expected Output: bash: echoHola: command not found
$>
Actual Output (Combined):
foo$> echoHola

foo$> exit
No such file or directory
Notes: 
Reasons: Exit Code Mismatch: Expected 127, Got 0
--------------------------------------------------


[FAIL] Category: ECHO   ðŸŽ‰ | Line: 86
Command: $> echo-nHola -> 'echo-nHola'
Expected Exit: 127 | Actual Exit: 0
Expected Output: bash: echo-nHola: command not found
$>
Actual Output (Combined):
foo$> echo-nHola

foo$> exit
No such file or directory
Notes: 
Reasons: Exit Code Mismatch: Expected 127, Got 0
--------------------------------------------------


[FAIL] Category: ECHO   ðŸŽ‰ | Line: 98
Command: $> echo -n -n -> 'echo -n -n'
Expected Exit: 0 | Actual Exit: 1
Expected Output: $>
Actual Output (Combined):
foo$> echo -n -n
=================================================================
==288047==ERROR: AddressSanitizer: heap-buffer-overflow on address 0x6030000041c8 at pc 0x0000004d27b5 bp 0x7fffa3293810 sp 0x7fffa3293808
WRITE of size 8 at 0x6030000041c8 thread T0
    #0 0x4d27b4 in ft_cmd_lst_create /home/alamjada/Documents/minishell/src/utils/cmds.c:175:20
    #1 0x4cb8d2 in main /home/alamjada/Documents/minishell/src/main.c:60:9
    #2 0x7053c8829d8f in __libc_start_call_main csu/../sysdeps/nptl/libc_start_call_main.h:58:16
    #3 0x7053c8829e3f in __libc_start_main csu/../csu/libc-start.c:392:3
    #4 0x41f3b4 in _start (/home/alamjada/Documents/minishell/minishell+0x41f3b4)

0x6030000041c8 is located 0 bytes to the right of 24-byte region [0x6030000041b0,0x6030000041c8)
allocated by thread T0 here:
    #0 0x49a27d in malloc (/home/alamjada/Documents/minishell/minishell+0x49a27d)
    #1 0x4d9198 in ft_calloc_gc (/home/alamjada/Documents/minishell/minishell+0x4d9198)
    #2 0x4d2524 in ft_cmd_lst_create /home/alamjada/Documents/minishell/src/utils/cmds.c:162:19
    #3 0x4cb8d2 in main /home/alamjada/Documents/minishell/src/main.c:60:9
    #4 0x7053c8829d8f in __libc_start_call_main csu/../sysdeps/nptl/libc_start_call_main.h:58:16

SUMMARY: AddressSanitizer: heap-buffer-overflow /home/alamjada/Documents/minishell/src/utils/cmds.c:175:20 in ft_cmd_lst_create
Shadow bytes around the buggy address:
  0x0c067fff87e0: fa fa 00 00 00 00 fa fa 00 00 00 03 fa fa 00 00
  0x0c067fff87f0: 00 00 fa fa 00 00 00 07 fa fa 00 00 00 00 fa fa
  0x0c067fff8800: 00 00 00 05 fa fa 00 00 00 00 fa fa 00 00 00 00
  0x0c067fff8810: fa fa 00 00 00 00 fa fa 00 00 00 00 fa fa 00 00
  0x0c067fff8820: 00 00 fa fa 00 00 00 00 fa fa 00 00 00 00 fa fa
=>0x0c067fff8830: 00 00 00 00 fa fa 00 00 00[fa]fa fa 00 00 00 00
  0x0c067fff8840: fa fa fa fa fa fa fa fa fa fa fa fa fa fa fa fa
  0x0c067fff8850: fa fa fa fa fa fa fa fa fa fa fa fa fa fa fa fa
  0x0c067fff8860: fa fa fa fa fa fa fa fa fa fa fa fa fa fa fa fa
  0x0c067fff8870: fa fa fa fa fa fa fa fa fa fa fa fa fa fa fa fa
  0x0c067fff8880: fa fa fa fa fa fa fa fa fa fa fa fa fa fa fa fa
Shadow byte legend (one shadow byte represents 8 application bytes):
  Addressable:           00
  Partially addressable: 01 02 03 04 05 06 07 
  Heap left redzone:       fa
  Freed heap region:       fd
  Stack left redzone:      f1
  Stack mid redzone:       f2
  Stack right redzone:     f3
  Stack after return:      f5
  Stack use after scope:   f8
  Global redzone:          f9
  Global init order:       f6
  Poisoned by user:        f7
  Container overflow:      fc
  Array cookie:            ac
  Intra object redzone:    bb
  ASan internal:           fe
  Left alloca redzone:     ca
  Right alloca redzone:    cb
  Shadow gap:              cc
==288047==ABORTING

Notes: 
Reasons: Exit Code Mismatch: Expected 0, Got 1
--------------------------------------------------


[FAIL] Category: ECHO   ðŸŽ‰ | Line: 99
Command: $> echo -n -n Hola Que -> 'echo -n -n Hola Que'
Expected Exit: 0 | Actual Exit: 1
Expected Output: Hola Que$>
Actual Output (Combined):
foo$> echo -n -n Hola Que
=================================================================
==288049==ERROR: AddressSanitizer: heap-buffer-overflow on address 0x6040000005f8 at pc 0x0000004d27b5 bp 0x7ffd6eb0db50 sp 0x7ffd6eb0db48
WRITE of size 8 at 0x6040000005f8 thread T0
    #0 0x4d27b4 in ft_cmd_lst_create /home/alamjada/Documents/minishell/src/utils/cmds.c:175:20
    #1 0x4cb8d2 in main /home/alamjada/Documents/minishell/src/main.c:60:9
    #2 0x79c5c7e29d8f in __libc_start_call_main csu/../sysdeps/nptl/libc_start_call_main.h:58:16
    #3 0x79c5c7e29e3f in __libc_start_main csu/../csu/libc-start.c:392:3
    #4 0x41f3b4 in _start (/home/alamjada/Documents/minishell/minishell+0x41f3b4)

0x6040000005f8 is located 0 bytes to the right of 40-byte region [0x6040000005d0,0x6040000005f8)
allocated by thread T0 here:
    #0 0x49a27d in malloc (/home/alamjada/Documents/minishell/minishell+0x49a27d)
    #1 0x4d9198 in ft_calloc_gc (/home/alamjada/Documents/minishell/minishell+0x4d9198)
    #2 0x4d2524 in ft_cmd_lst_create /home/alamjada/Documents/minishell/src/utils/cmds.c:162:19
    #3 0x4cb8d2 in main /home/alamjada/Documents/minishell/src/main.c:60:9
    #4 0x79c5c7e29d8f in __libc_start_call_main csu/../sysdeps/nptl/libc_start_call_main.h:58:16

SUMMARY: AddressSanitizer: heap-buffer-overflow /home/alamjada/Documents/minishell/src/utils/cmds.c:175:20 in ft_cmd_lst_create
Shadow bytes around the buggy address:
  0x0c087fff8060: fa fa 00 00 00 00 00 fa fa fa 00 00 00 00 00 fa
  0x0c087fff8070: fa fa 00 00 00 00 00 fa fa fa 00 00 00 00 00 fa
  0x0c087fff8080: fa fa 00 00 00 00 00 fa fa fa 00 00 00 00 04 fa
  0x0c087fff8090: fa fa 00 00 00 00 04 fa fa fa 00 00 00 00 00 06
  0x0c087fff80a0: fa fa 00 00 00 00 05 fa fa fa 00 00 00 00 00 01
=>0x0c087fff80b0: fa fa 00 00 00 00 01 fa fa fa 00 00 00 00 00[fa]
  0x0c087fff80c0: fa fa fa fa fa fa fa fa fa fa fa fa fa fa fa fa
  0x0c087fff80d0: fa fa fa fa fa fa fa fa fa fa fa fa fa fa fa fa
  0x0c087fff80e0: fa fa fa fa fa fa fa fa fa fa fa fa fa fa fa fa
  0x0c087fff80f0: fa fa fa fa fa fa fa fa fa fa fa fa fa fa fa fa
  0x0c087fff8100: fa fa fa fa fa fa fa fa fa fa fa fa fa fa fa fa
Shadow byte legend (one shadow byte represents 8 application bytes):
  Addressable:           00
  Partially addressable: 01 02 03 04 05 06 07 
  Heap left redzone:       fa
  Freed heap region:       fd
  Stack left redzone:      f1
  Stack mid redzone:       f2
  Stack right redzone:     f3
  Stack after return:      f5
  Stack use after scope:   f8
  Global redzone:          f9
  Global init order:       f6
  Poisoned by user:        f7
  Container overflow:      fc
  Array cookie:            ac
  Intra object redzone:    bb
  ASan internal:           fe
  Left alloca redzone:     ca
  Right alloca redzone:    cb
  Shadow gap:              cc
==288049==ABORTING

Notes: 
Reasons: Exit Code Mismatch: Expected 0, Got 1
--------------------------------------------------


[FAIL] Category: ECHO   ðŸŽ‰ | Line: 102
Command: $> echo -n -nnn -nnnn -> 'echo -n -nnn -nnnn'
Expected Exit: 0 | Actual Exit: 1
Expected Output: $>
Actual Output (Combined):
foo$> echo -n -nnn -nnnn
=================================================================
==288055==ERROR: AddressSanitizer: heap-buffer-overflow on address 0x6030000042e8 at pc 0x0000004d1b5f bp 0x7ffc35ab0650 sp 0x7ffc35ab0648
WRITE of size 8 at 0x6030000042e8 thread T0
    #0 0x4d1b5e in ft_token_affect /home/alamjada/Documents/minishell/src/utils/cmds.c:98:21
    #1 0x4d264e in ft_cmd_lst_create /home/alamjada/Documents/minishell/src/utils/cmds.c:166:8
    #2 0x4cb8d2 in main /home/alamjada/Documents/minishell/src/main.c:60:9
    #3 0x7f5fc9629d8f in __libc_start_call_main csu/../sysdeps/nptl/libc_start_call_main.h:58:16
    #4 0x7f5fc9629e3f in __libc_start_main csu/../csu/libc-start.c:392:3
    #5 0x41f3b4 in _start (/home/alamjada/Documents/minishell/minishell+0x41f3b4)

0x6030000042e8 is located 0 bytes to the right of 24-byte region [0x6030000042d0,0x6030000042e8)
allocated by thread T0 here:
    #0 0x49a27d in malloc (/home/alamjada/Documents/minishell/minishell+0x49a27d)
    #1 0x4d9198 in ft_calloc_gc (/home/alamjada/Documents/minishell/minishell+0x4d9198)
    #2 0x4d2524 in ft_cmd_lst_create /home/alamjada/Documents/minishell/src/utils/cmds.c:162:19
    #3 0x4cb8d2 in main /home/alamjada/Documents/minishell/src/main.c:60:9
    #4 0x7f5fc9629d8f in __libc_start_call_main csu/../sysdeps/nptl/libc_start_call_main.h:58:16

SUMMARY: AddressSanitizer: heap-buffer-overflow /home/alamjada/Documents/minishell/src/utils/cmds.c:98:21 in ft_token_affect
Shadow bytes around the buggy address:
  0x0c067fff8800: 00 00 00 00 fa fa 00 00 00 03 fa fa 00 00 00 00
  0x0c067fff8810: fa fa 00 00 00 07 fa fa 00 00 00 00 fa fa 00 00
  0x0c067fff8820: 00 05 fa fa 00 00 00 00 fa fa 00 00 00 00 fa fa
  0x0c067fff8830: 00 00 00 00 fa fa 00 00 00 00 fa fa 00 00 00 00
  0x0c067fff8840: fa fa 00 00 00 00 fa fa 00 00 00 00 fa fa 00 00
=>0x0c067fff8850: 00 00 fa fa 00 00 00 00 fa fa 00 00 00[fa]fa fa
  0x0c067fff8860: 00 00 00 00 fa fa fa fa fa fa fa fa fa fa fa fa
  0x0c067fff8870: fa fa fa fa fa fa fa fa fa fa fa fa fa fa fa fa
  0x0c067fff8880: fa fa fa fa fa fa fa fa fa fa fa fa fa fa fa fa
  0x0c067fff8890: fa fa fa fa fa fa fa fa fa fa fa fa fa fa fa fa
  0x0c067fff88a0: fa fa fa fa fa fa fa fa fa fa fa fa fa fa fa fa
Shadow byte legend (one shadow byte represents 8 application bytes):
  Addressable:           00
  Partially addressable: 01 02 03 04 05 06 07 
  Heap left redzone:       fa
  Freed heap region:       fd
  Stack left redzone:      f1
  Stack mid redzone:       f2
  Stack right redzone:     f3
  Stack after return:      f5
  Stack use after scope:   f8
  Global redzone:          f9
  Global init order:       f6
  Poisoned by user:        f7
  Container overflow:      fc
  Array cookie:            ac
  Intra object redzone:    bb
  ASan internal:           fe
  Left alloca redzone:     ca
  Right alloca redzone:    cb
  Shadow gap:              cc
==288055==ABORTING

Notes: 
Reasons: Exit Code Mismatch: Expected 0, Got 1
--------------------------------------------------


[FAIL] Category: ECHO   ðŸŽ‰ | Line: 104
Command: $> echo -n -nnn hola -nnnn -> 'echo -n -nnn hola -nnnn'
Expected Exit: 0 | Actual Exit: 1
Expected Output: hola -nnnn$>
Actual Output (Combined):
foo$> echo -n -nnn hola -nnnn
=================================================================
==288059==ERROR: AddressSanitizer: heap-buffer-overflow on address 0x6030000043b0 at pc 0x0000004d1b5f bp 0x7ffedfdf3170 sp 0x7ffedfdf3168
WRITE of size 8 at 0x6030000043b0 thread T0
    #0 0x4d1b5e in ft_token_affect /home/alamjada/Documents/minishell/src/utils/cmds.c:98:21
    #1 0x4d264e in ft_cmd_lst_create /home/alamjada/Documents/minishell/src/utils/cmds.c:166:8
    #2 0x4cb8d2 in main /home/alamjada/Documents/minishell/src/main.c:60:9
    #3 0x7d6383229d8f in __libc_start_call_main csu/../sysdeps/nptl/libc_start_call_main.h:58:16
    #4 0x7d6383229e3f in __libc_start_main csu/../csu/libc-start.c:392:3
    #5 0x41f3b4 in _start (/home/alamjada/Documents/minishell/minishell+0x41f3b4)

0x6030000043b0 is located 0 bytes to the right of 32-byte region [0x603000004390,0x6030000043b0)
allocated by thread T0 here:
    #0 0x49a27d in malloc (/home/alamjada/Documents/minishell/minishell+0x49a27d)
    #1 0x4d9198 in ft_calloc_gc (/home/alamjada/Documents/minishell/minishell+0x4d9198)
    #2 0x4d2524 in ft_cmd_lst_create /home/alamjada/Documents/minishell/src/utils/cmds.c:162:19
    #3 0x4cb8d2 in main /home/alamjada/Documents/minishell/src/main.c:60:9
    #4 0x7d6383229d8f in __libc_start_call_main csu/../sysdeps/nptl/libc_start_call_main.h:58:16

SUMMARY: AddressSanitizer: heap-buffer-overflow /home/alamjada/Documents/minishell/src/utils/cmds.c:98:21 in ft_token_affect
Shadow bytes around the buggy address:
  0x0c067fff8820: 00 00 fa fa 00 00 00 07 fa fa 00 00 00 00 fa fa
  0x0c067fff8830: 00 00 00 05 fa fa 00 00 00 00 fa fa 00 00 00 00
  0x0c067fff8840: fa fa 00 00 00 00 fa fa 00 00 00 00 fa fa 00 00
  0x0c067fff8850: 00 00 fa fa 00 00 00 00 fa fa 00 00 00 00 fa fa
  0x0c067fff8860: 00 00 00 00 fa fa 00 00 00 00 fa fa 00 00 00 00
=>0x0c067fff8870: fa fa 00 00 00 00[fa]fa 00 00 00 00 fa fa fa fa
  0x0c067fff8880: fa fa fa fa fa fa fa fa fa fa fa fa fa fa fa fa
  0x0c067fff8890: fa fa fa fa fa fa fa fa fa fa fa fa fa fa fa fa
  0x0c067fff88a0: fa fa fa fa fa fa fa fa fa fa fa fa fa fa fa fa
  0x0c067fff88b0: fa fa fa fa fa fa fa fa fa fa fa fa fa fa fa fa
  0x0c067fff88c0: fa fa fa fa fa fa fa fa fa fa fa fa fa fa fa fa
Shadow byte legend (one shadow byte represents 8 application bytes):
  Addressable:           00
  Partially addressable: 01 02 03 04 05 06 07 
  Heap left redzone:       fa
  Freed heap region:       fd
  Stack left redzone:      f1
  Stack mid redzone:       f2
  Stack right redzone:     f3
  Stack after return:      f5
  Stack use after scope:   f8
  Global redzone:          f9
  Global init order:       f6
  Poisoned by user:        f7
  Container overflow:      fc
  Array cookie:            ac
  Intra object redzone:    bb
  ASan internal:           fe
  Left alloca redzone:     ca
  Right alloca redzone:    cb
  Shadow gap:              cc
==288059==ABORTING

Notes: 
Reasons: Exit Code Mismatch: Expected 0, Got 1
--------------------------------------------------


[FAIL] Category: ECHO   ðŸŽ‰ | Line: 131
Command: $> echo > < -> 'echo > <'
Expected Exit: 2 | Actual Exit: 0
Expected Output: bash: syntax error near unexpected token `<'
$>
Actual Output (Combined):
foo$> echo > <
foo$> exit

Notes: 
Reasons: Exit Code Mismatch: Expected 2, Got 0
--------------------------------------------------


[FAIL] Category: ECHO   ðŸŽ‰ | Line: 132
Command: $> echo | | -> 'echo | |'
Expected Exit: 2 | Actual Exit: 0
Expected Output: bash: syntax error near unexpected token `|'
$>
Actual Output (Combined):
foo$> echo | |
foo$> exit

Bad address
Notes: 
Reasons: Exit Code Mismatch: Expected 2, Got 0
--------------------------------------------------


[FAIL] Category: ECHO   ðŸŽ‰ | Line: 133
Command: $> EechoE -> 'EechoE'
Expected Exit: 127 | Actual Exit: 0
Expected Output: bash: EechoE: command not found
$>
Actual Output (Combined):
foo$> EechoE

foo$> exit
No such file or directory
Notes: 
Reasons: Exit Code Mismatch: Expected 127, Got 0
--------------------------------------------------


[FAIL] Category: ECHO   ðŸŽ‰ | Line: 134
Command: $> .echo. -> '.echo.'
Expected Exit: 127 | Actual Exit: 0
Expected Output: bash: .echo.: command not found
$>
Actual Output (Combined):
foo$> .echo.

foo$> exit
No such file or directory
Notes: 
Reasons: Exit Code Mismatch: Expected 127, Got 0
--------------------------------------------------


[FAIL] Category: ECHO   ðŸŽ‰ | Line: 135
Command: $> >echo> -> '>echo>'
Expected Exit: 2 | Actual Exit: 0
Expected Output: bash: syntax error near unexpected token `newline'
$>
Actual Output (Combined):
foo$> >echo>

foo$> exit
Minishell : Syntax error near unexpected token 'newline'
Notes: 
Reasons: Exit Code Mismatch: Expected 2, Got 0
--------------------------------------------------


[FAIL] Category: ECHO   ðŸŽ‰ | Line: 136
Command: $> <echo< -> '<echo<'
Expected Exit: 2 | Actual Exit: 0
Expected Output: bash: syntax error near unexpected token `newline'
$>
Actual Output (Combined):
foo$> <echo<

foo$> exit
Minishell : Syntax error near unexpected token 'newline'
Notes: 
Reasons: Exit Code Mismatch: Expected 2, Got 0
--------------------------------------------------


[FAIL] Category: ECHO   ðŸŽ‰ | Line: 137
Command: $> >>echo>> -> '>>echo>>'
Expected Exit: 2 | Actual Exit: 0
Expected Output: bash: syntax error near unexpected token `newline'
$>
Actual Output (Combined):
foo$> >>echo>>

foo$> exit
Minishell : Syntax error near unexpected token 'newline'
Notes: 
Reasons: Exit Code Mismatch: Expected 2, Got 0
--------------------------------------------------


[FAIL] Category: ECHO   ðŸŽ‰ | Line: 138
Command: $> |echo| -> '|echo|'
Expected Exit: 2 | Actual Exit: 0
Expected Output: bash: syntax error near unexpected token `|'
$>
Actual Output (Combined):
foo$> |echo|
foo$> exit
Bad address
Notes: 
Reasons: Exit Code Mismatch: Expected 2, Got 0
--------------------------------------------------


[FAIL] Category: ECHO   ðŸŽ‰ | Line: 139
Command: $> |echo -n hola -> '|echo -n hola'
Expected Exit: 2 | Actual Exit: 0
Expected Output: bash: syntax error near unexpected token `|'
$>
Actual Output (Combined):
foo$> |echo -n hola
holafoo$> exit
Bad address
Notes: 
Reasons: Exit Code Mismatch: Expected 2, Got 0
--------------------------------------------------


[FAIL] Category: ECHO   ðŸŽ‰ | Line: 179
Command: $> echo"'hola'" -> 'echo"'hola'"'
Expected Exit: 0 | Actual Exit: 0
Expected Output: bash: echo'hola': command not found
$>
Actual Output (Combined):
foo$> echo"'hola'"

foo$> exit
No such file or directory
Notes: 
Reasons: Missing 'command not found' message
--------------------------------------------------


[FAIL] Category: ECHO   ðŸŽ‰ | Line: 187
Command: $> e"cho hola" -> 'e"cho hola"'
Expected Exit: 127 | Actual Exit: 0
Expected Output: bash: echo hola: command not found
$>
Actual Output (Combined):
foo$> e"cho hola"

foo$> exit
No such file or directory
Notes: 
Reasons: Exit Code Mismatch: Expected 127, Got 0
--------------------------------------------------


[FAIL] Category: ECHO   ðŸŽ‰ | Line: 188
Command: $> e'cho hola' -> 'e'cho hola''
Expected Exit: 127 | Actual Exit: 0
Expected Output: bash: echo hola: command not found
$>
Actual Output (Combined):
foo$> e'cho hola'

foo$> exit
No such file or directory
Notes: 
Reasons: Exit Code Mismatch: Expected 127, Got 0
--------------------------------------------------


[FAIL] Category: ECHO   ðŸŽ‰ | Line: 197
Command: $> ""e"'c'ho 'b'"o"nj"o"'u'r" -> '""e"'c'ho 'b'"o"nj"o"'u'r"'
Expected Exit: 127 | Actual Exit: 0
Expected Output: bash: e'c'ho 'b'onjo'u'r: command not found
$>
Actual Output (Combined):
foo$> ""e"'c'ho 'b'"o"nj"o"'u'r"

foo$> exit
No such file or directory
Notes: 
Reasons: Exit Code Mismatch: Expected 127, Got 0
--------------------------------------------------


[FAIL] Category: ðŸ’° | Line: 201
Command: $> $? -> '$?'
Expected Exit: 127 | Actual Exit: 0
Expected Output: bash: 0: command not found
$>
Actual Output (Combined):
foo$> $?

foo$> exit
No such file or directory
Notes: Renvoie le code de retour du dernier pipeline exÃ©cutÃ© Ã  l'avant-plan
Reasons: Exit Code Mismatch: Expected 127, Got 0
--------------------------------------------------


[FAIL] Category: ðŸ’° | Line: 202
Command: $> $?$? -> '$?$?'
Expected Exit: 127 | Actual Exit: 0
Expected Output: bash: 00: command not found
$>
Actual Output (Combined):
foo$> $?$?

foo$> exit
No such file or directory
Notes: 
Reasons: Exit Code Mismatch: Expected 127, Got 0
--------------------------------------------------


[FAIL] Category: ðŸ’° | Line: 203
Command: $> ?$HOME -> '?$HOME'
Expected Exit: 127 | Actual Exit: 0
Expected Output: bash: ?/home/vietdu91: command not found
$>
Actual Output (Combined):
foo$> ?$HOME

foo$> exit
No such file or directory
Notes: 
Reasons: Exit Code Mismatch: Expected 127, Got 0
--------------------------------------------------


[FAIL] Category: ðŸ’° | Line: 204
Command: $> $ -> '$'
Expected Exit: 127 | Actual Exit: 0
Expected Output: bash: $: command not found
$>
Actual Output (Combined):
foo$> $

foo$> exit
No such file or directory
Notes: 
Reasons: Exit Code Mismatch: Expected 127, Got 0
--------------------------------------------------


[FAIL] Category: ðŸ’° | Line: 205
Command: $> $HOME -> '$HOME'
Expected Exit: 126 | Actual Exit: 0
Expected Output: bash: /home/vietdu91: Is a directory
$>
Actual Output (Combined):
foo$> $HOME

foo$> exit
Permission denied
Notes: 
Reasons: Exit Code Mismatch: Expected 126, Got 0
--------------------------------------------------


[FAIL] Category: ðŸ’° | Line: 207
Command: $> "$HOMEdskjhfkdshfsd" -> '"$HOMEdskjhfkdshfsd"'
Expected Exit: 127 | Actual Exit: 0
Expected Output: bash: : command not found
$>
Actual Output (Combined):
foo$> "$HOMEdskjhfkdshfsd"

foo$> exit
No such file or directory
Notes: 
Reasons: Exit Code Mismatch: Expected 127, Got 0
--------------------------------------------------


[FAIL] Category: ðŸ’° | Line: 208
Command: $> '$HOMEdskjhfkdshfsd' -> ''$HOMEdskjhfkdshfsd''
Expected Exit: 127 | Actual Exit: 0
Expected Output: bash: $HOMEsddfddfssfdfs: command not found
$>
Actual Output (Combined):
foo$> '$HOMEdskjhfkdshfsd'

foo$> exit
No such file or directory
Notes: 
Reasons: Exit Code Mismatch: Expected 127, Got 0
--------------------------------------------------


[FAIL] Category: ðŸ’° | Line: 210
Command: $> $LESS$VAR -> '$LESS$VAR'
Expected Exit: 127 | Actual Exit: 0
Expected Output: bash: -R: command not found
$>
Actual Output (Combined):
foo$> $LESS$VAR

foo$> exit
No such file or directory
Notes: 
Reasons: Exit Code Mismatch: Expected 127, Got 0
--------------------------------------------------


[FAIL] Category: SIGNAUX ðŸ›° | Line: 211
Command: $> Ctlr-C -> 'Ctlr-C'
Expected Exit: 130 | Actual Exit: 0
Expected Output: $> ^C
$>
Actual Output (Combined):
foo$> Ctlr-C

foo$> exit
No such file or directory
Notes: 
Reasons: Exit Code Mismatch: Expected 130, Got 0
--------------------------------------------------


[FAIL] Category: SIGNAUX ðŸ›° | Line: 212
Command: $> holaCtlr-C -> 'holaCtlr-C'
Expected Exit: 130 | Actual Exit: 0
Expected Output: $> hola^C
$>
Actual Output (Combined):
foo$> holaCtlr-C

foo$> exit
No such file or directory
Notes: 
Reasons: Exit Code Mismatch: Expected 130, Got 0
--------------------------------------------------


[FAIL] Category: SIGNAUX ðŸ›° | Line: 213
Command: $> cat (faire Ctlr-C apres avoir fait plusieurs fois [ENTREE]) -> 'cat (faire Ctlr-C apres avoir fait plusieurs fois [ENTREE])'
Expected Exit: 130 | Actual Exit: 0
Expected Output: 


^C
$>
Actual Output (Combined):
foo$> cat (faire Ctlr-C apres avoir fait plusieurs fois [ENTREE])
foo$> exit
cat: '(faire': No such file or directory
cat: Ctlr-C: No such file or directory
cat: apres: No such file or directory
cat: avoir: No such file or directory
cat: fait: No such file or directory
cat: plusieurs: No such file or directory
cat: fois: No such file or directory
cat: '[ENTREE])': No such file or directory

Notes: 
Reasons: Exit Code Mismatch: Expected 130, Got 0
--------------------------------------------------


[FAIL] Category: SIGNAUX ðŸ›° | Line: 219
Command: $> cat (faire Ctlr-\ apres avoir fait plusieurs fois [ENTREE]) -> 'cat (faire Ctlr-\ apres avoir fait plusieurs fois [ENTREE])'
Expected Exit: 131 | Actual Exit: 0
Expected Output: 


^\Quit (core dumped)
$>
Actual Output (Combined):
foo$> cat (faire Ctlr-\ apres avoir fait plusieurs fois [ENTREE])
foo$> exit
cat: '(faire': No such file or directory
cat: 'Ctlr-\': No such file or directory
cat: apres: No such file or directory
cat: avoir: No such file or directory
cat: fait: No such file or directory
cat: plusieurs: No such file or directory
cat: fois: No such file or directory
cat: '[ENTREE])': No such file or directory

Notes: 
Reasons: Exit Code Mismatch: Expected 131, Got 0
--------------------------------------------------


[FAIL] Category: SIGNAUX ðŸ›° | Line: 221
Command: $> sleep 3 | sleep 3 | sleep 3 (faire Ctlr-C une seconde apres) -> 'sleep 3 | sleep 3 | sleep 3 (faire Ctlr-C une seconde apres)'
Expected Exit: 130 | Actual Exit: -1
Expected Output: ^C
$>
Actual Output (Combined):
Timeout
Notes: 
Reasons: Exit Code Mismatch: Expected 130, Got -1
--------------------------------------------------


[FAIL] Category: SIGNAUX ðŸ›° | Line: 222
Command: $> sleep 3 | sleep 3 | sleep 3 (faire Ctlr-D une seconde apres) -> 'sleep 3 | sleep 3 | sleep 3 (faire Ctlr-D une seconde apres)'
Expected Exit: 0 | Actual Exit: -1
Expected Output: $>
Actual Output (Combined):
Timeout
Notes: Ne fait rien
Reasons: Exit Code Mismatch: Expected 0, Got -1
--------------------------------------------------


[FAIL] Category: SIGNAUX ðŸ›° | Line: 223
Command: $> sleep 3 | sleep 3 | sleep 3 (faire Ctlr-\ une seconde apres) -> 'sleep 3 | sleep 3 | sleep 3 (faire Ctlr-\ une seconde apres)'
Expected Exit: 131 | Actual Exit: -1
Expected Output: ^\Quit (core dumped)
$>
Actual Output (Combined):
Timeout
Notes: 
Reasons: Exit Code Mismatch: Expected 131, Got -1
--------------------------------------------------


[FAIL] Category: ðŸ›« ENV & EXPORT & UNSET ðŸ›¬ | Line: 238
Command: $> export "" -> 'export ""'
Expected Exit: 1 | Actual Exit: 0
Expected Output: bash: export: `': not a valid identifier
$>
Actual Output (Combined):
foo$> export ""

foo$> exit
Minishell : export:`': not a valid identifier
Notes: 
Reasons: Exit Code Mismatch: Expected 1, Got 0
--------------------------------------------------


[FAIL] Category: ðŸ›« ENV & EXPORT & UNSET ðŸ›¬ | Line: 239
Command: $> export = -> 'export ='
Expected Exit: 1 | Actual Exit: 0
Expected Output: bash: export: Ê»=': not a valid identifier
$>
Actual Output (Combined):
foo$> export =
format: =
First char not conform
foo$> exit

Notes: 
Reasons: Exit Code Mismatch: Expected 1, Got 0
--------------------------------------------------


[FAIL] Category: ðŸ›« ENV & EXPORT & UNSET ðŸ›¬ | Line: 240
Command: $> export % -> 'export %'
Expected Exit: 1 | Actual Exit: 0
Expected Output: bash: export: Ê»%': not a valid identifier
$>
Actual Output (Combined):
foo$> export %
format: %
First char not conform
foo$> exit

Notes: 
Reasons: Exit Code Mismatch: Expected 1, Got 0
--------------------------------------------------


[FAIL] Category: ðŸ›« ENV & EXPORT & UNSET ðŸ›¬ | Line: 241
Command: $> export $? -> 'export $?'
Expected Exit: 1 | Actual Exit: 0
Expected Output: bash: export: `0': not a valid identifier
$>
Actual Output (Combined):
foo$> export $?
format: 1
First char not conform
foo$> exit

Notes: 
Reasons: Exit Code Mismatch: Expected 1, Got 0
--------------------------------------------------


[FAIL] Category: ðŸ›« ENV & EXPORT & UNSET ðŸ›¬ | Line: 242
Command: $> export ?=2 -> 'export ?=2'
Expected Exit: 1 | Actual Exit: 0
Expected Output: bash: export: Ê»?=2': not a valid identifier
$>
Actual Output (Combined):
foo$> export ?=2
format: ?=2
First char not conform
foo$> exit

Notes: 
Reasons: Exit Code Mismatch: Expected 1, Got 0
--------------------------------------------------


[FAIL] Category: ðŸ›« ENV & EXPORT & UNSET ðŸ›¬ | Line: 243
Command: $> export 9HOLA= -> 'export 9HOLA='
Expected Exit: 1 | Actual Exit: 0
Expected Output: bash: export: Ê»9HOLA=': not a valid identifier
$>
Actual Output (Combined):
foo$> export 9HOLA=
format: 9HOLA=
First char not conform
foo$> exit

Notes: 
Reasons: Exit Code Mismatch: Expected 1, Got 0
--------------------------------------------------


[FAIL] Category: ðŸ›« ENV & EXPORT & UNSET ðŸ›¬ | Line: 248
Command: $> export HOL@=bonjour -> 'export HOL@=bonjour'
Expected Exit: 1 | Actual Exit: 0
Expected Output: bash: export: Ê»HOL@=bonjourâ€™: not a valid identifier
$>
Actual Output (Combined):
foo$> export HOL@=bonjour
format: HOL@=bonjour
foo$> exit

Notes: Cas oÃ¹ le nom de variable ne contient pas de lettres, ni de chiffres, ni d'underscores
Reasons: Exit Code Mismatch: Expected 1, Got 0
--------------------------------------------------


[FAIL] Category: ðŸ›« ENV & EXPORT & UNSET ðŸ›¬ | Line: 250
Command: $> export -HOLA=bonjour -> 'export -HOLA=bonjour'
Expected Exit: 2 | Actual Exit: 0
Expected Output: bash: export: -H: invalid option
Actual Output (Combined):
foo$> export -HOLA=bonjour
format: -HOLA=bonjour
First char not conform
foo$> exit

Notes: 
Reasons: Exit Code Mismatch: Expected 2, Got 0
--------------------------------------------------


[FAIL] Category: ðŸ›« ENV & EXPORT & UNSET ðŸ›¬ | Line: 251
Command: $> export --HOLA=bonjour -> 'export --HOLA=bonjour'
Expected Exit: 2 | Actual Exit: 0
Expected Output: bash: export: --: invalid option
Actual Output (Combined):
foo$> export --HOLA=bonjour
format: --HOLA=bonjour
First char not conform
foo$> exit

Notes: 
Reasons: Exit Code Mismatch: Expected 2, Got 0
--------------------------------------------------


[FAIL] Category: ðŸ›« ENV & EXPORT & UNSET ðŸ›¬ | Line: 252
Command: $> export HOLA-=bonjour -> 'export HOLA-=bonjour'
Expected Exit: 1 | Actual Exit: 0
Expected Output: bash: export: `HOLA-=bonjour': not a valid identifier
$>
Actual Output (Combined):
foo$> export HOLA-=bonjour
format: HOLA-=bonjour
foo$> exit

Notes: 
Reasons: Exit Code Mismatch: Expected 1, Got 0
--------------------------------------------------


[FAIL] Category: ðŸ›« ENV & EXPORT & UNSET ðŸ›¬ | Line: 253
Command: $> export HO-LA=bonjour -> 'export HO-LA=bonjour'
Expected Exit: 1 | Actual Exit: 0
Expected Output: bash: export: `HO-LA=bonjour': not a valid identifier
$>
Actual Output (Combined):
foo$> export HO-LA=bonjour
format: HO-LA=bonjour
foo$> exit

Notes: 
Reasons: Exit Code Mismatch: Expected 1, Got 0
--------------------------------------------------


[FAIL] Category: ðŸ›« ENV & EXPORT & UNSET ðŸ›¬ | Line: 254
Command: $> export HOL.A=bonjour -> 'export HOL.A=bonjour'
Expected Exit: 1 | Actual Exit: 0
Expected Output: bash: export: `HOL.A=bonjour': not a valid identifier
$>
Actual Output (Combined):
foo$> export HOL.A=bonjour
format: HOL.A=bonjour
foo$> exit

Notes: 
Reasons: Exit Code Mismatch: Expected 1, Got 0
--------------------------------------------------


[FAIL] Category: ðŸ›« ENV & EXPORT & UNSET ðŸ›¬ | Line: 257
Command: $> export HOL}A=bonjour -> 'export HOL}A=bonjour'
Expected Exit: 1 | Actual Exit: 0
Expected Output: bash: export: `HOL}A=bonjour': not a valid identifier
$>
Actual Output (Combined):
foo$> export HOL}A=bonjour
format: HOL}A=bonjour
foo$> exit

Notes: 
Reasons: Exit Code Mismatch: Expected 1, Got 0
--------------------------------------------------


[FAIL] Category: ðŸ›« ENV & EXPORT & UNSET ðŸ›¬ | Line: 258
Command: $> export HOL{A=bonjour -> 'export HOL{A=bonjour'
Expected Exit: 1 | Actual Exit: 0
Expected Output: bash: export: `HOL{A=bonjour': not a valid identifier
$>
Actual Output (Combined):
foo$> export HOL{A=bonjour
format: HOL{A=bonjour
foo$> exit

Notes: 
Reasons: Exit Code Mismatch: Expected 1, Got 0
--------------------------------------------------


[FAIL] Category: ðŸ›« ENV & EXPORT & UNSET ðŸ›¬ | Line: 259
Command: $> export HO*LA=bonjour -> 'export HO*LA=bonjour'
Expected Exit: 1 | Actual Exit: 0
Expected Output: bash: export: `HO*LA=bonjour': not a valid identifier
$>
Actual Output (Combined):
foo$> export HO*LA=bonjour
format: HO*LA=bonjour
foo$> exit

Notes: 
Reasons: Exit Code Mismatch: Expected 1, Got 0
--------------------------------------------------


[FAIL] Category: ðŸ›« ENV & EXPORT & UNSET ðŸ›¬ | Line: 260
Command: $> export HO#LA=bonjour -> 'export HO#LA=bonjour'
Expected Exit: 1 | Actual Exit: 0
Expected Output: bash: export: `HO#LA=bonjour': not a valid identifier
$>
Actual Output (Combined):
foo$> export HO#LA=bonjour
format: HO#LA=bonjour
foo$> exit

Notes: 
Reasons: Exit Code Mismatch: Expected 1, Got 0
--------------------------------------------------


[FAIL] Category: ðŸ›« ENV & EXPORT & UNSET ðŸ›¬ | Line: 261
Command: $> export HO@LA=bonjour -> 'export HO@LA=bonjour'
Expected Exit: 1 | Actual Exit: 0
Expected Output: bash: export: `HO@LA=bonjour': not a valid identifier
$>
Actual Output (Combined):
foo$> export HO@LA=bonjour
format: HO@LA=bonjour
foo$> exit

Notes: 
Reasons: Exit Code Mismatch: Expected 1, Got 0
--------------------------------------------------


[FAIL] Category: ðŸ›« ENV & EXPORT & UNSET ðŸ›¬ | Line: 264
Command: $> export +HOLA=bonjour -> 'export +HOLA=bonjour'
Expected Exit: 1 | Actual Exit: 0
Expected Output: bash: export: `+HOLA=bonjour': not a valid identifier
$>
Actual Output (Combined):
foo$> export +HOLA=bonjour
format: +HOLA=bonjour
First char not conform
foo$> exit

Notes: 
Reasons: Exit Code Mismatch: Expected 1, Got 0
--------------------------------------------------


[FAIL] Category: ðŸ›« ENV & EXPORT & UNSET ðŸ›¬ | Line: 265
Command: $> export HOL+A=bonjour -> 'export HOL+A=bonjour'
Expected Exit: 1 | Actual Exit: 0
Expected Output: bash: export: `HOL+A=bonjour': not a valid identifier
$>
Actual Output (Combined):
foo$> export HOL+A=bonjour
format: HOL+A=bonjour
foo$> exit

Notes: 
Reasons: Exit Code Mismatch: Expected 1, Got 0
--------------------------------------------------


[FAIL] Category: ðŸ›« ENV & EXPORT & UNSET ðŸ›¬ | Line: 269
Command: $> export HOLA =bonjour -> 'export HOLA =bonjour'
Expected Exit: 1 | Actual Exit: 0
Expected Output: bash: export: Ê»=bonjourâ€™: not a valid identifier
$>
Actual Output (Combined):
foo$> export HOLA =bonjour
format: HOLA
foo$> exit

Notes: 
Reasons: Exit Code Mismatch: Expected 1, Got 0
--------------------------------------------------


[FAIL] Category: ðŸ›« ENV & EXPORT & UNSET ðŸ›¬ | Line: 270
Command: $> export HOLA = bonjour -> 'export HOLA = bonjour'
Expected Exit: 1 | Actual Exit: 0
Expected Output: bash: export: Ê»=': not a valid identifier
$>
Actual Output (Combined):
foo$> export HOLA = bonjour
format: HOLA
foo$> exit

Notes: 
Reasons: Exit Code Mismatch: Expected 1, Got 0
--------------------------------------------------


[FAIL] Category: ðŸ›« ENV & EXPORT & UNSET ðŸ›¬ | Line: 284
Command: $> export HOLA=bon;jour
$> env -> 'export HOLA=bon;jour
$> env'
Expected Exit: 127
0 | Actual Exit: 0
Expected Output: bash: jour: command not found
$> env
...
HOLA=bon
$>
Actual Output (Combined):
foo$> export HOLA=bon;jour
format: HOLA=bon;jour
foo$> $> env

foo$> exit
No such file or directory
Notes: 
Reasons: Missing 'command not found' message
--------------------------------------------------


[FAIL] Category: ðŸ›« ENV & EXPORT & UNSET ðŸ›¬ | Line: 285
Command: $> export HOLA=bon!jour -> 'export HOLA=bon!jour'
Expected Exit: 1 | Actual Exit: 0
Expected Output: bash: !jour: event not found
$>
Actual Output (Combined):
foo$> export HOLA=bon!jour
format: HOLA=bon!jour
foo$> exit

Notes: 
Reasons: Exit Code Mismatch: Expected 1, Got 0
--------------------------------------------------


[FAIL] Category: ðŸ›« ENV & EXPORT & UNSET ðŸ›¬ | Line: 298
Command: $> export "" HOLA=bonjour
$> env -> 'export "" HOLA=bonjour
$> env'
Expected Exit: 1 | Actual Exit: 0
Expected Output: bash: export: `": not a valid identifier
$> env
...
HOLA=bonjour
$>
Actual Output (Combined):
foo$> export "" HOLA=bonjour

foo$> $> env

foo$> exit
Minishell : export:`': not a valid identifierNo such file or directory
Notes: 
Reasons: Exit Code Mismatch: Expected 1, Got 0
--------------------------------------------------


[FAIL] Category: ðŸ›« ENV & EXPORT & UNSET ðŸ›¬ | Line: 312
Command: $> export HOLA="s -la" 
$> l"$HOLA" -> 'export HOLA="s -la" 
$> l"$HOLA"'
Expected Exit: 127 | Actual Exit: 0
Expected Output: bash: ls -la: command not found
$>
Actual Output (Combined):
foo$> export HOLA="s -la" 
format: HOLA=s -la
foo$> $> l"$HOLA"

foo$> exit
No such file or directory
Notes: 
Reasons: Exit Code Mismatch: Expected 127, Got 0
--------------------------------------------------


[FAIL] Category: ðŸ›« ENV & EXPORT & UNSET ðŸ›¬ | Line: 313
Command: $> export HOLA="s -la" 
$> l'$HOLA' -> 'export HOLA="s -la" 
$> l'$HOLA''
Expected Exit: 127 | Actual Exit: 0
Expected Output: bash: l$HOLA: command not found
$>
Actual Output (Combined):
foo$> export HOLA="s -la" 
format: HOLA=s -la
foo$> $> l'$HOLA'

foo$> exit
No such file or directory
Notes: 
Reasons: Exit Code Mismatch: Expected 127, Got 0
--------------------------------------------------


[FAIL] Category: ðŸ›« ENV & EXPORT & UNSET ðŸ›¬ | Line: 317
Command: $> export HOLA="l" 
$> '$HOLA's -> 'export HOLA="l" 
$> '$HOLA's'
Expected Exit: 127 | Actual Exit: 0
Expected Output: bash: $HOLAs: command not found
$>
Actual Output (Combined):
foo$> export HOLA="l" 
format: HOLA=l
foo$> $> '$HOLA's

foo$> exit
No such file or directory
Notes: 
Reasons: Exit Code Mismatch: Expected 127, Got 0
--------------------------------------------------


[FAIL] Category: ðŸ›« ENV & EXPORT & UNSET ðŸ›¬ | Line: 319
Command: $> export TE+S=T
$> env -> 'export TE+S=T
$> env'
Expected Exit: 1 | Actual Exit: 0
Expected Output: bash: export: `TE+S=T': not a valid identifier
$>
Actual Output (Combined):
foo$> export TE+S=T
format: TE+S=T
foo$> $> env

foo$> exit
No such file or directory
Notes: 
Reasons: Exit Code Mismatch: Expected 1, Got 0
--------------------------------------------------


[FAIL] Category: ðŸ›« ENV & EXPORT & UNSET ðŸ›¬ | Line: 320
Command: $> export ""="" -> 'export ""=""'
Expected Exit: 1 | Actual Exit: 0
Expected Output: bash: export: `=': not a valid identifier
$>
Actual Output (Combined):
foo$> export ""=""
format: =
First char not conform
foo$> exit

Notes: 
Reasons: Exit Code Mismatch: Expected 1, Got 0
--------------------------------------------------


[FAIL] Category: ðŸ›« ENV & EXPORT & UNSET ðŸ›¬ | Line: 321
Command: $> export ''='' -> 'export ''='''
Expected Exit: 1 | Actual Exit: 0
Expected Output: bash: export: `=': not a valid identifier
$>
Actual Output (Combined):
foo$> export ''=''
format: =
First char not conform
foo$> exit

Notes: 
Reasons: Exit Code Mismatch: Expected 1, Got 0
--------------------------------------------------


[FAIL] Category: ðŸ›« ENV & EXPORT & UNSET ðŸ›¬ | Line: 322
Command: $> export "="="=" -> 'export "="="="'
Expected Exit: 1 | Actual Exit: 0
Expected Output: bash: export: `===': not a valid identifier
$>
Actual Output (Combined):
foo$> export "="="="
format: ===
First char not conform
foo$> exit

Notes: 
Reasons: Exit Code Mismatch: Expected 1, Got 0
--------------------------------------------------


[FAIL] Category: ðŸ›« ENV & EXPORT & UNSET ðŸ›¬ | Line: 323
Command: $> export '='='=' -> 'export '='='=''
Expected Exit: 1 | Actual Exit: 0
Expected Output: bash: export: `===': not a valid identifier
$>
Actual Output (Combined):
foo$> export '='='='
format: ===
First char not conform
foo$> exit

Notes: 
Reasons: Exit Code Mismatch: Expected 1, Got 0
--------------------------------------------------


[FAIL] Category: ðŸ›« ENV & EXPORT & UNSET ðŸ›¬ | Line: 324
Command: $> export HOLA=p
$> export BYE=w
$> $HOLA"BYE"d -> 'export HOLA=p
$> export BYE=w
$> $HOLA"BYE"d'
Expected Exit: 127 | Actual Exit: 0
Expected Output: bash: pBYEd: command not found
$>
Actual Output (Combined):
foo$> export HOLA=p
format: HOLA=p
foo$> $> export BYE=w

foo$> $> $HOLA"BYE"d

foo$> exit
No such file or directoryNo such file or directory
Notes: 
Reasons: Exit Code Mismatch: Expected 127, Got 0
--------------------------------------------------


[FAIL] Category: ðŸ›« ENV & EXPORT & UNSET ðŸ›¬ | Line: 325
Command: $> export HOLA=p
$> export BYE=w
$> "$HOLA"'$BYE'd -> 'export HOLA=p
$> export BYE=w
$> "$HOLA"'$BYE'd'
Expected Exit: 127 | Actual Exit: 0
Expected Output: bash: p$BYEd: command not found
$>
Actual Output (Combined):
foo$> export HOLA=p
format: HOLA=p
foo$> $> export BYE=w

foo$> $> "$HOLA"'$BYE'd

foo$> exit
No such file or directoryNo such file or directory
Notes: 
Reasons: Exit Code Mismatch: Expected 127, Got 0
--------------------------------------------------


[FAIL] Category: ðŸ›« ENV & EXPORT & UNSET ðŸ›¬ | Line: 327
Command: $> export HOLA=p
$> export BYE=w
$> $"HOLA"$"BYE"d -> 'export HOLA=p
$> export BYE=w
$> $"HOLA"$"BYE"d'
Expected Exit: 127 | Actual Exit: 0
Expected Output: bash: HOLABYEd: command not found
$>
Actual Output (Combined):
foo$> export HOLA=p
format: HOLA=p
foo$> $> export BYE=w

foo$> $> $"HOLA"$"BYE"d

foo$> exit
No such file or directoryNo such file or directory
Notes: 
Reasons: Exit Code Mismatch: Expected 127, Got 0
--------------------------------------------------


[FAIL] Category: ðŸ›« ENV & EXPORT & UNSET ðŸ›¬ | Line: 328
Command: $> export HOLA=p
$> export BYE=w
$> $'HOLA'$'BYE'd -> 'export HOLA=p
$> export BYE=w
$> $'HOLA'$'BYE'd'
Expected Exit: 127 | Actual Exit: 0
Expected Output: bash: HOLABYEd: command not found
$>
Actual Output (Combined):
foo$> export HOLA=p
format: HOLA=p
foo$> $> export BYE=w

foo$> $> $'HOLA'$'BYE'd

foo$> exit
No such file or directoryNo such file or directory
Notes: 
Reasons: Exit Code Mismatch: Expected 127, Got 0
--------------------------------------------------


[FAIL] Category: ðŸ›« ENV & EXPORT & UNSET ðŸ›¬ | Line: 329
Command: $> export HOLA=-n
$> "echo $HOLA" hey -> 'export HOLA=-n
$> "echo $HOLA" hey'
Expected Exit: 127 | Actual Exit: 0
Expected Output: bash: echo -n: command not found
$>
Actual Output (Combined):
foo$> export HOLA=-n
format: HOLA=-n
foo$> $> "echo $HOLA" hey

foo$> exit
No such file or directory
Notes: 
Reasons: Exit Code Mismatch: Expected 127, Got 0
--------------------------------------------------


[FAIL] Category: ðŸ›« ENV & EXPORT & UNSET ðŸ›¬ | Line: 334
Command: $> unset PATH
$> ls -> 'unset PATH
$> ls'
Expected Exit: 127 | Actual Exit: 0
Expected Output: bash: ls: No such file or directory
Actual Output (Combined):
foo$> unset PATH
foo$> $> ls

foo$> exit
No such file or directory
Notes: 
Reasons: Exit Code Mismatch: Expected 127, Got 0
--------------------------------------------------


[FAIL] Category: ðŸ›« ENV & EXPORT & UNSET ðŸ›¬ | Line: 335
Command: $> unset "" -> 'unset ""'
Expected Exit: 1 | Actual Exit: 0
Expected Output: bash: unset: `': not a valid identifier
$>
Actual Output (Combined):
foo$> unset ""
foo$> exit

Notes: 
Reasons: Exit Code Mismatch: Expected 1, Got 0
--------------------------------------------------


[FAIL] Category: ðŸ›« ENV & EXPORT & UNSET ðŸ›¬ | Line: 340
Command: $> unset 9HOLA -> 'unset 9HOLA'
Expected Exit: 1 | Actual Exit: 0
Expected Output: bash: unset: `9HOLA': not a valid identifier
$>
Actual Output (Combined):
foo$> unset 9HOLA
foo$> exit

Notes: 
Reasons: Exit Code Mismatch: Expected 1, Got 0
--------------------------------------------------


[FAIL] Category: ðŸ›« ENV & EXPORT & UNSET ðŸ›¬ | Line: 342
Command: $> unset HOL?A -> 'unset HOL?A'
Expected Exit: 1 | Actual Exit: 0
Expected Output: bash: unset: `HOL?A': not a valid identifier
$>
Actual Output (Combined):
foo$> unset HOL?A
foo$> exit

Notes: 
Reasons: Exit Code Mismatch: Expected 1, Got 0
--------------------------------------------------


[FAIL] Category: ðŸ›« ENV & EXPORT & UNSET ðŸ›¬ | Line: 343
Command: $> unset HOLA HOL?A -> 'unset HOLA HOL?A'
Expected Exit: 1 | Actual Exit: 0
Expected Output: bash: unset: `HOL?A': not a valid identifier
$>
Actual Output (Combined):
foo$> unset HOLA HOL?A
foo$> exit

Notes: Il unset bien HOLA
Reasons: Exit Code Mismatch: Expected 1, Got 0
--------------------------------------------------


[FAIL] Category: ðŸ›« ENV & EXPORT & UNSET ðŸ›¬ | Line: 344
Command: $> unset HOL?A HOLA -> 'unset HOL?A HOLA'
Expected Exit: 1 | Actual Exit: 0
Expected Output: bash: unset: `HOL?A': not a valid identifier
$>
Actual Output (Combined):
foo$> unset HOL?A HOLA
foo$> exit

Notes: Il unset bien HOLA
Reasons: Exit Code Mismatch: Expected 1, Got 0
--------------------------------------------------


[FAIL] Category: ðŸ›« ENV & EXPORT & UNSET ðŸ›¬ | Line: 345
Command: $> unset HOL?A HOL.A -> 'unset HOL?A HOL.A'
Expected Exit: 1 | Actual Exit: 0
Expected Output: bash: unset: `HOL?A': not a valid identifier
bash: unset: `HOL.A': not a valid identifier
$>
Actual Output (Combined):
foo$> unset HOL?A HOL.A
foo$> exit

Notes: 
Reasons: Exit Code Mismatch: Expected 1, Got 0
--------------------------------------------------


[FAIL] Category: ðŸ›« ENV & EXPORT & UNSET ðŸ›¬ | Line: 346
Command: $> unset HOLA= -> 'unset HOLA='
Expected Exit: 1 | Actual Exit: 0
Expected Output: bash: unset: `HOLA=': not a valid identifier
$>
Actual Output (Combined):
foo$> unset HOLA=
foo$> exit

Notes: 
Reasons: Exit Code Mismatch: Expected 1, Got 0
--------------------------------------------------


[FAIL] Category: ðŸ›« ENV & EXPORT & UNSET ðŸ›¬ | Line: 349
Command: $> unset HOL.A -> 'unset HOL.A'
Expected Exit: 1 | Actual Exit: 0
Expected Output: bash: unset: `HOL.A': not a valid identifier
Actual Output (Combined):
foo$> unset HOL.A
foo$> exit

Notes: 
Reasons: Exit Code Mismatch: Expected 1, Got 0
--------------------------------------------------


[FAIL] Category: ðŸ›« ENV & EXPORT & UNSET ðŸ›¬ | Line: 350
Command: $> unset HOL+A -> 'unset HOL+A'
Expected Exit: 1 | Actual Exit: 0
Expected Output: bash: unset: `HOL+A': not a valid identifier
Actual Output (Combined):
foo$> unset HOL+A
foo$> exit

Notes: 
Reasons: Exit Code Mismatch: Expected 1, Got 0
--------------------------------------------------


[FAIL] Category: ðŸ›« ENV & EXPORT & UNSET ðŸ›¬ | Line: 351
Command: $> unset HOL=A -> 'unset HOL=A'
Expected Exit: 1 | Actual Exit: 0
Expected Output: bash: unset: `HOL=A': not a valid identifier
Actual Output (Combined):
foo$> unset HOL=A
foo$> exit

Notes: 
Reasons: Exit Code Mismatch: Expected 1, Got 0
--------------------------------------------------


[FAIL] Category: ðŸ›« ENV & EXPORT & UNSET ðŸ›¬ | Line: 352
Command: $> unset HOL{A -> 'unset HOL{A'
Expected Exit: 1 | Actual Exit: 0
Expected Output: bash: unset: `HOL{A': not a valid identifier
Actual Output (Combined):
foo$> unset HOL{A
foo$> exit

Notes: 
Reasons: Exit Code Mismatch: Expected 1, Got 0
--------------------------------------------------


[FAIL] Category: ðŸ›« ENV & EXPORT & UNSET ðŸ›¬ | Line: 353
Command: $> unset HOL}A -> 'unset HOL}A'
Expected Exit: 1 | Actual Exit: 0
Expected Output: bash: unset: `HOL}A': not a valid identifier
Actual Output (Combined):
foo$> unset HOL}A
foo$> exit

Notes: 
Reasons: Exit Code Mismatch: Expected 1, Got 0
--------------------------------------------------


[FAIL] Category: ðŸ›« ENV & EXPORT & UNSET ðŸ›¬ | Line: 354
Command: $> unset HOL-A -> 'unset HOL-A'
Expected Exit: 1 | Actual Exit: 0
Expected Output: bash: unset: `HOL-A': not a valid identifier
Actual Output (Combined):
foo$> unset HOL-A
foo$> exit

Notes: 
Reasons: Exit Code Mismatch: Expected 1, Got 0
--------------------------------------------------


[FAIL] Category: ðŸ›« ENV & EXPORT & UNSET ðŸ›¬ | Line: 355
Command: $> unset -HOLA -> 'unset -HOLA'
Expected Exit: 2 | Actual Exit: 0
Expected Output: bash: unset: -H: invalid option
Actual Output (Combined):
foo$> unset -HOLA
foo$> exit

Notes: 
Reasons: Exit Code Mismatch: Expected 2, Got 0
--------------------------------------------------


[FAIL] Category: ðŸ›« ENV & EXPORT & UNSET ðŸ›¬ | Line: 359
Command: $> unset HOL*A -> 'unset HOL*A'
Expected Exit: 1 | Actual Exit: 0
Expected Output: bash: unset: `HOL*A': not a valid identifier
Actual Output (Combined):
foo$> unset HOL*A
foo$> exit

Notes: 
Reasons: Exit Code Mismatch: Expected 1, Got 0
--------------------------------------------------


[FAIL] Category: ðŸ›« ENV & EXPORT & UNSET ðŸ›¬ | Line: 360
Command: $> unset HOL#A -> 'unset HOL#A'
Expected Exit: 1 | Actual Exit: 0
Expected Output: bash: unset: `HOL#A': not a valid identifier
Actual Output (Combined):
foo$> unset HOL#A
foo$> exit

Notes: 
Reasons: Exit Code Mismatch: Expected 1, Got 0
--------------------------------------------------


[FAIL] Category: ðŸ›« ENV & EXPORT & UNSET ðŸ›¬ | Line: 362
Command: $> unset $PWD -> 'unset $PWD'
Expected Exit: 1 | Actual Exit: 0
Expected Output: bash: unset: `/home/vietdu91/42_works/minishell': not a valid identifier
Actual Output (Combined):
foo$> unset $PWD
foo$> exit

Notes: 
Reasons: Exit Code Mismatch: Expected 1, Got 0
--------------------------------------------------


[FAIL] Category: ðŸ›« ENV & EXPORT & UNSET ðŸ›¬ | Line: 363
Command: $> unset HOL@ -> 'unset HOL@'
Expected Exit: 1 | Actual Exit: 0
Expected Output: bash: unset: `HOL@': not a valid identifier
Actual Output (Combined):
foo$> unset HOL@
foo$> exit

Notes: 
Reasons: Exit Code Mismatch: Expected 1, Got 0
--------------------------------------------------


[FAIL] Category: ðŸ›« ENV & EXPORT & UNSET ðŸ›¬ | Line: 364
Command: $> unset HOL!A -> 'unset HOL!A'
Expected Exit: 1 | Actual Exit: 0
Expected Output: bash: !A: event not found
Actual Output (Combined):
foo$> unset HOL!A
foo$> exit

Notes: 
Reasons: Exit Code Mismatch: Expected 1, Got 0
--------------------------------------------------


[FAIL] Category: ðŸ›« ENV & EXPORT & UNSET ðŸ›¬ | Line: 365
Command: $> unset HOL^A -> 'unset HOL^A'
Expected Exit: 1 | Actual Exit: 0
Expected Output: bash: unset: `HOL^A': not a valid identifier
Actual Output (Combined):
foo$> unset HOL^A
foo$> exit

Notes: 
Reasons: Exit Code Mismatch: Expected 1, Got 0
--------------------------------------------------


[FAIL] Category: ðŸ›« ENV & EXPORT & UNSET ðŸ›¬ | Line: 367
Command: $> unset HOL\~A -> 'unset HOL\~A'
Expected Exit: 1 | Actual Exit: 0
Expected Output: bash: unset: `HOL~': not a valid identifier
Actual Output (Combined):
foo$> unset HOL\~A
foo$> exit

Notes: 
Reasons: Exit Code Mismatch: Expected 1, Got 0
--------------------------------------------------


[FAIL] Category: FICHIERS BINAIRES 0ï¸âƒ£ 1ï¸âƒ£ | Line: 385
Command: $> /bin/cd Desktop -> '/bin/cd Desktop'
Expected Exit: 127 | Actual Exit: 0
Expected Output: bash: /bin/cd: No such file or directory
Actual Output (Combined):
foo$> /bin/cd Desktop

foo$> exit
No such file or directory
Notes: 
Reasons: Exit Code Mismatch: Expected 127, Got 0
--------------------------------------------------


[FAIL] Category: CD ðŸ’¿ PWD | Line: 392
Command: $> pwd -p -> 'pwd -p'
Expected Exit: 2 | Actual Exit: 0
Expected Output: bash: pwd: -p: invalid option
$>
Actual Output (Combined):
foo$> pwd -p
/tmp/minishell_runs_8fks8fus
foo$> exit

Notes: 
Reasons: Exit Code Mismatch: Expected 2, Got 0
--------------------------------------------------


[FAIL] Category: CD ðŸ’¿ PWD | Line: 393
Command: $> pwd --p -> 'pwd --p'
Expected Exit: 2 | Actual Exit: 0
Expected Output: bash: pwd: --: invalid option
$>
Actual Output (Combined):
foo$> pwd --p
/tmp/minishell_runs_8fks8fus
foo$> exit

Notes: 
Reasons: Exit Code Mismatch: Expected 2, Got 0
--------------------------------------------------


[FAIL] Category: CD ðŸ’¿ PWD | Line: 394
Command: $> pwd ---p -> 'pwd ---p'
Expected Exit: 2 | Actual Exit: 0
Expected Output: bash: pwd: --: invalid option
$>
Actual Output (Combined):
foo$> pwd ---p
/tmp/minishell_runs_8fks8fus
foo$> exit

Notes: 
Reasons: Exit Code Mismatch: Expected 2, Got 0
--------------------------------------------------


[FAIL] Category: CD ðŸ’¿ PWD | Line: 410
Command: $> cd srcs objs -> 'cd srcs objs'
Expected Exit: 1 | Actual Exit: 0
Expected Output: bash: cd: too many arguments
$>
Actual Output (Combined):
foo$> cd srcs objs

foo$> exit
Minishell : cd
Notes: /home/vietdu91/42_works/minishell
Reasons: Exit Code Mismatch: Expected 1, Got 0
--------------------------------------------------


[FAIL] Category: CD ðŸ’¿ PWD | Line: 416
Command: $> cd sr -> 'cd sr'
Expected Exit: 1 | Actual Exit: 0
Expected Output: bash: cd: sr: No such file or directory
$>
Actual Output (Combined):
foo$> cd sr

foo$> exit
Minishell : cd
Notes: 
Reasons: Exit Code Mismatch: Expected 1, Got 0
--------------------------------------------------


[FAIL] Category: CD ðŸ’¿ PWD | Line: 417
Command: $> cd Makefile -> 'cd Makefile'
Expected Exit: 1 | Actual Exit: 0
Expected Output: bash: cd: Makefile: Not a directory
$>
Actual Output (Combined):
foo$> cd Makefile

foo$> exit
Minishell : cd
Notes: 
Reasons: Exit Code Mismatch: Expected 1, Got 0
--------------------------------------------------


[FAIL] Category: CD ðŸ’¿ PWD | Line: 420
Command: $> cd .././../.././../bin/ls -> 'cd .././../.././../bin/ls'
Expected Exit: 1 | Actual Exit: 0
Expected Output: bash: cd: .././../.././../bin/ls: No such file or directory
$>
Actual Output (Combined):
foo$> cd .././../.././../bin/ls

foo$> exit
Minishell : cd
Notes: /home/vietdu91/42_works/minishell
Reasons: Exit Code Mismatch: Expected 1, Got 0
--------------------------------------------------


[FAIL] Category: CD ðŸ’¿ PWD | Line: 428
Command: $> cd /minishell -> 'cd /minishell'
Expected Exit: 1 | Actual Exit: 0
Expected Output: bash: cd: /minishell: No such file or directory
$>
Actual Output (Combined):
foo$> cd /minishell

foo$> exit
Minishell : cd
Notes: 
Reasons: Exit Code Mismatch: Expected 1, Got 0
--------------------------------------------------


[FAIL] Category: CD ðŸ’¿ PWD | Line: 430
Command: $> cd _ -> 'cd _'
Expected Exit: 1 | Actual Exit: 0
Expected Output: bash: cd: _: No such file or directory
$>
Actual Output (Combined):
foo$> cd _

foo$> exit
Minishell : cd
Notes: 
Reasons: Exit Code Mismatch: Expected 1, Got 0
--------------------------------------------------


[FAIL] Category: CD ðŸ’¿ PWD | Line: 433
Command: $> cd --- -> 'cd ---'
Expected Exit: 2 | Actual Exit: 0
Expected Output: bash: cd: --: invalid option
$>
Actual Output (Combined):
foo$> cd ---

foo$> exit
Minishell : cd
Notes: 
Reasons: Exit Code Mismatch: Expected 2, Got 0
--------------------------------------------------


[FAIL] Category: CD ðŸ’¿ PWD | Line: 435
Command: $> cd $HOME $HOME -> 'cd $HOME $HOME'
Expected Exit: 1 | Actual Exit: 0
Expected Output: bash: cd: too many arguments
$>
Actual Output (Combined):
foo$> cd $HOME $HOME
foo$> exit

Notes: 
Reasons: Exit Code Mismatch: Expected 1, Got 0
--------------------------------------------------


[FAIL] Category: CD ðŸ’¿ PWD | Line: 438
Command: $> cd '$PWD/srcs' -> 'cd '$PWD/srcs''
Expected Exit: 1 | Actual Exit: 0
Expected Output: bash: cd: $PWD/srcs: No such file or directory
$>
Actual Output (Combined):
foo$> cd '$PWD/srcs'

foo$> exit
Minishell : cd
Notes: 
Reasons: Exit Code Mismatch: Expected 1, Got 0
--------------------------------------------------


[FAIL] Category: CD ðŸ’¿ PWD | Line: 439
Command: $> unset HOME
$> cd $HOME -> 'unset HOME
$> cd $HOME'
Expected Exit: 1 | Actual Exit: 0
Expected Output: bash: cd: HOME not set
$>
Actual Output (Combined):
foo$> unset HOME
foo$> $> cd $HOME

foo$> exit
No such file or directory
Notes: 
Reasons: Exit Code Mismatch: Expected 1, Got 0
--------------------------------------------------


[FAIL] Category: CD ðŸ’¿ PWD | Line: 441
Command: $> unset HOME
$> export HOME
$> cd -> 'unset HOME
$> export HOME
$> cd'
Expected Exit: 1 | Actual Exit: 0
Expected Output: bash: cd: HOME not set
$>
Actual Output (Combined):
foo$> unset HOME
foo$> $> export HOME

foo$> $> cd

foo$> exit
No such file or directoryNo such file or directory
Notes: 
Reasons: Exit Code Mismatch: Expected 1, Got 0
--------------------------------------------------


[FAIL] Category: CD ðŸ’¿ PWD | Line: 442
Command: $> cd minishell Docs crashtest.c -> 'cd minishell Docs crashtest.c'
Expected Exit: 1 | Actual Exit: 0
Expected Output: bash: cd: too many arguments
$>
Actual Output (Combined):
foo$> cd minishell Docs crashtest.c

foo$> exit
Minishell : cd
Notes: 
Reasons: Exit Code Mismatch: Expected 1, Got 0
--------------------------------------------------


[FAIL] Category: CD ðŸ’¿ PWD | Line: 450
Command: $> mkdir a
$> mkdir a/b
$> cd a/b
$> rm -r ../../a
$> cd .. -> 'mkdir a
$> mkdir a/b
$> cd a/b
$> rm -r ../../a
$> cd ..'
Expected Exit: 1 | Actual Exit: 0
Expected Output: chdir: error retrieving current directory: getcwd: cannot access parent directories: No such file or directory
$>
Actual Output (Combined):
foo$> mkdir a
foo$> $> mkdir a/b

foo$> $> cd a/b

foo$> $> rm -r ../../a

foo$> $> cd ..

foo$> exit
No such file or directoryNo such file or directoryNo such file or directoryNo such file or directory
Notes: 
Reasons: Exit Code Mismatch: Expected 1, Got 0
--------------------------------------------------


[FAIL] Category: CD ðŸ’¿ PWD | Line: 451
Command: $> mkdir a
$> mkdir a/b
$> cd a/b
$> rm -r ../../a
$> pwd -> 'mkdir a
$> mkdir a/b
$> cd a/b
$> rm -r ../../a
$> pwd'
Expected Exit: 1 | Actual Exit: 0
Expected Output: pwd: error retrieving current directory: getcwd: cannot access parent directories: No such file or directory
$>
Actual Output (Combined):
foo$> mkdir a
foo$> $> mkdir a/b

foo$> $> cd a/b

foo$> $> rm -r ../../a

foo$> $> pwd

foo$> exit
mkdir: cannot create directory â€˜aâ€™: File exists
No such file or directoryNo such file or directoryNo such file or directoryNo such file or directory
Notes: 
Reasons: Exit Code Mismatch: Expected 1, Got 0
--------------------------------------------------


[FAIL] Category: BÃ‚TARDS ðŸ–• | Line: 459
Command: $> chmod 000 minishell
$> ./minishell -> 'chmod 000 minishell
$> ./minishell'
Expected Exit: 126 | Actual Exit: 0
Expected Output: bash: ./minishell : Permission denied
$>
Actual Output (Combined):
foo$> chmod 000 minishell
foo$> $> ./minishell

foo$> exit
chmod: cannot access 'minishell': No such file or directory
No such file or directory
Notes: 
Reasons: Exit Code Mismatch: Expected 126, Got 0
--------------------------------------------------


[FAIL] Category: BÃ‚TARDS ðŸ–• | Line: 460
Command: $> ls hola -> 'ls hola'
Expected Exit: 2 | Actual Exit: 0
Expected Output: ls: cannot access 'hola': No such file or directory
$>
Actual Output (Combined):
foo$> ls hola
foo$> exit
ls: cannot access 'hola': No such file or directory

Notes: 
Reasons: Exit Code Mismatch: Expected 2, Got 0
--------------------------------------------------


[FAIL] Category: BÃ‚TARDS ðŸ–• | Line: 461
Command: $> ./Makefile -> './Makefile'
Expected Exit: 126 | Actual Exit: 0
Expected Output: bash: ./Makefile: Permission denied
$>
Actual Output (Combined):
foo$> ./Makefile

foo$> exit
No such file or directory
Notes: 
Reasons: Exit Code Mismatch: Expected 126, Got 0
--------------------------------------------------


[FAIL] Category: BÃ‚TARDS ðŸ–• | Line: 464
Command: $> touch hola
$> ./hola -> 'touch hola
$> ./hola'
Expected Exit: 126 | Actual Exit: 0
Expected Output: bash: ./hola: Permission denied
$>
Actual Output (Combined):
foo$> touch hola
foo$> $> ./hola

foo$> exit
No such file or directory
Notes: 
Reasons: Exit Code Mismatch: Expected 126, Got 0
--------------------------------------------------


[FAIL] Category: BÃ‚TARDS ðŸ–• | Line: 466
Command: $> env|"wc "-l -> 'env|"wc "-l'
Expected Exit: 127 | Actual Exit: 0
Expected Output: bash: wc -l: command not found
$>
Actual Output (Combined):
foo$> env|"wc "-l
foo$> exit

No such file or directory
Notes: 
Reasons: Exit Code Mismatch: Expected 127, Got 0
--------------------------------------------------


[FAIL] Category: BÃ‚TARDS ðŸ–• | Line: 471
Command: $> env -i ./minishell
$> cd -> 'env -i ./minishell
$> cd'
Expected Exit: 1 | Actual Exit: 0
Expected Output: bash: cd: HOME not set
$>
Actual Output (Combined):
foo$> env -i ./minishell
COLORTERM=truecolor
CONDA_CHANGEPS1=no
DBUS_SESSION_BUS_ADDRESS=unix:path=/run/user/115645/bus
DESKTOP_SESSION=ubuntu
DISPLAY=:0
DOCKER_HOST=unix:///run/user/115645/docker.sock
EDITOR=nvim
GDMSESSION=ubuntu
GIT_EDITOR=nvim
GNOME_DESKTOP_SESSION_ID=this-is-deprecated
GNOME_TERMINAL_SCREEN=/org/gnome/Terminal/screen/bb24f6d9_106b_4c47_a25d_4a6b327a6846
GNOME_TERMINAL_SERVICE=:1.103
GPG_AGENT_INFO=/run/user/115645/gnupg/S.gpg-agent:0:1
GTK_IM_MODULE=ibus
GTK_MODULES=gail:atk-bridge
HOME=/home/alamjada
KRB5CCNAME=FILE:/tmp/krb5cc_115645_sNTpbh
LANG=en_US.UTF-8
LIBVIRT_DEFAULT_URI=qemu:///system
LOGNAME=alamjada
OLDPWD=/home/alamjada/Documents/minishell
PATH=/home/alamjada/.local/funcheck/host:/home/alamjada/goinfre/bin:/home/alamjada/neovim/bin:/home/alamjada/.bin:/home/alamjada/.local/bin:/home/alamjada/Applications:/usr/bin:/home/alamjada/bin:/home/alamjada/.local/funcheck/host:/home/alamjada/.local/share/zinit/polaris/bin:/home/alamjada/goinfre/bin:/home/alamjada/neovim/bin:/home/alamjada/.bin:/home/alamjada/.local/bin:/home/alamjada/Applications:/usr/bin:/home/alamjada/bin:/usr/local/sbin:/usr/local/bin:/usr/sbin:/usr/bin:/sbin:/bin:/usr/games:/usr/local/games:/snap/bin
PMSPEC=0uUpiPsf
PROMPT_EOL_MARK=
PWD=/home/alamjada/Documents/minishell
QT_ACCESSIBILITY=1
QT_IM_MODULE=ibus
SESSION_MANAGER=local/f6r3s15.clusters.42paris.fr:@/tmp/.ICE-unix/268723,unix/f6r3s15.clusters.42paris.fr:/tmp/.ICE-unix/268723
SHELL=/bin/zsh
SHLVL=2
SSH_AGENT_LAUNCHER=gnome-keyring
SSH_AUTH_SOCK=/run/user/115645/keyring/ssh
SYSTEMD_EXEC_PID=268889
TERM=tmux-256color
TERM_PROGRAM=tmux
TERM_PROGRAM_VERSION=3.2a
TMUX=/tmp/tmux-115645/default,270251,0
TMUX_PANE=%5
TMUX_PLUGIN_MANAGER_PATH=/home/alamjada/.tmux/plugins/
USER=alamjada
VIRTUAL_ENV_DISABLE_PROMPT=12
VISUAL=code
VTE_VERSION=6800
XAUTHORITY=/home/alamjada/.Xauthority
XDG_CONFIG_DIRS=/etc/xdg/xdg-ubuntu:/etc/xdg
XDG_CURRENT_DESKTOP=ubuntu:GNOME
XDG_DATA_DIRS=/usr/share/ubuntu:/usr/share/gnome:/home/alamjada/.local/share/flatpak/exports/share:/var/lib/flatpak/exports/share:/usr/local/share:/usr/share:/var/lib/snapd/desktop
XDG_GREETER_DATA_DIR=/var/lib/lightdm-data/alamjada
XDG_MENU_PREFIX=gnome-
XDG_RUNTIME_DIR=/run/user/115645
XDG_SEAT_PATH=/org/freedesktop/DisplayManager/Seat0
XDG_SESSION_CLASS=user
XDG_SESSION_DESKTOP=ubuntu
XDG_SESSION_PATH=/org/freedesktop/DisplayManager/Session5
XDG_SESSION_TYPE=x11
XMODIFIERS=@im=ibus
ZPFX=/home/alamjada/.local/share/zinit/polaris
ZSH_CACHE_DIR=/home/alamjada/.cache/zinit
_=/usr/bin/python3
foo$> $> cd

foo$> exit
No such file or directory
Notes: 
Reasons: Exit Code Mismatch: Expected 1, Got 0
--------------------------------------------------


[FAIL] Category: EXIT  â›” | Line: 474
Command: $> exit exit -> 'exit exit'
Expected Exit: 2 | Actual Exit: 0
Expected Output: exit
bash: exit: exit: numeric argument required
~/minishell $>
Actual Output (Combined):
foo$> exit exit
exit

Notes: 
Reasons: Exit Code Mismatch: Expected 2, Got 0
--------------------------------------------------


[FAIL] Category: EXIT  â›” | Line: 475
Command: $> exit hola -> 'exit hola'
Expected Exit: 2 | Actual Exit: 0
Expected Output: exit
bash: exit: hola: numeric argument required
~/minishell $>
Actual Output (Combined):
foo$> exit hola
exit

Notes: 
Reasons: Exit Code Mismatch: Expected 2, Got 0
--------------------------------------------------


[FAIL] Category: EXIT  â›” | Line: 476
Command: $> exit hola que tal -> 'exit hola que tal'
Expected Exit: 2 | Actual Exit: 0
Expected Output: exit
bash: exit: hola: numeric argument required
~/minishell $>
Actual Output (Combined):
foo$> exit hola que tal
exit

Notes: 
Reasons: Exit Code Mismatch: Expected 2, Got 0
--------------------------------------------------


[FAIL] Category: EXIT  â›” | Line: 480
Command: $> exit 666 666 -> 'exit 666 666'
Expected Exit: 1 | Actual Exit: 154
Expected Output: exit
bash: exit: too many arguments
$>
Actual Output (Combined):
foo$> exit 666 666
exit

Notes: 
Reasons: Exit Code Mismatch: Expected 1, Got 154
--------------------------------------------------


[FAIL] Category: EXIT  â›” | Line: 481
Command: $> exit -666 666 -> 'exit -666 666'
Expected Exit: 1 | Actual Exit: 102
Expected Output: exit
bash: exit: too many arguments
$>
Actual Output (Combined):
foo$> exit -666 666
exit

Notes: 
Reasons: Exit Code Mismatch: Expected 1, Got 102
--------------------------------------------------


[FAIL] Category: EXIT  â›” | Line: 482
Command: $> exit hola 666 -> 'exit hola 666'
Expected Exit: 2 | Actual Exit: 0
Expected Output: exit
bash: exit: hola: numeric argument required
~/minishell $>
Actual Output (Combined):
foo$> exit hola 666
exit

Notes: 
Reasons: Exit Code Mismatch: Expected 2, Got 0
--------------------------------------------------


[FAIL] Category: EXIT  â›” | Line: 483
Command: $> exit 666 666 666 666 -> 'exit 666 666 666 666'
Expected Exit: 1 | Actual Exit: 154
Expected Output: exit
bash: exit: too many arguments
$>
Actual Output (Combined):
foo$> exit 666 666 666 666
exit

Notes: 
Reasons: Exit Code Mismatch: Expected 1, Got 154
--------------------------------------------------


[FAIL] Category: EXIT  â›” | Line: 484
Command: $> exit 666 hola 666 -> 'exit 666 hola 666'
Expected Exit: 1 | Actual Exit: 154
Expected Output: exit
bash: exit: too many arguments
Actual Output (Combined):
foo$> exit 666 hola 666
exit

Notes: 
Reasons: Exit Code Mismatch: Expected 1, Got 154
--------------------------------------------------


[FAIL] Category: EXIT  â›” | Line: 485
Command: $> exit hola 666 666 -> 'exit hola 666 666'
Expected Exit: 2 | Actual Exit: 0
Expected Output: exit
bash: exit: hola: numeric argument required
~/minishell $>
Actual Output (Combined):
foo$> exit hola 666 666
exit

Notes: 
Reasons: Exit Code Mismatch: Expected 2, Got 0
--------------------------------------------------


[FAIL] Category: EXIT  â›” | Line: 498
Command: $> exit --666 -> 'exit --666'
Expected Exit: 2 | Actual Exit: 0
Expected Output: exit
bash: exit: --666: numeric argument required
~/minishell $>
Actual Output (Combined):
foo$> exit --666
exit

Notes: 
Reasons: Exit Code Mismatch: Expected 2, Got 0
--------------------------------------------------


[FAIL] Category: EXIT  â›” | Line: 499
Command: $> exit ++++666 -> 'exit ++++666'
Expected Exit: 2 | Actual Exit: 0
Expected Output: exit
bash: exit: ++++666: numeric argument required
~/minishell $>
Actual Output (Combined):
foo$> exit ++++666
exit

Notes: 
Reasons: Exit Code Mismatch: Expected 2, Got 0
--------------------------------------------------


[FAIL] Category: EXIT  â›” | Line: 500
Command: $> exit ++++++0 -> 'exit ++++++0'
Expected Exit: 2 | Actual Exit: 0
Expected Output: exit
bash: exit: ++++++0: numeric argument required
~/minishell $>
Actual Output (Combined):
foo$> exit ++++++0
exit

Notes: 
Reasons: Exit Code Mismatch: Expected 2, Got 0
--------------------------------------------------


[FAIL] Category: EXIT  â›” | Line: 501
Command: $> exit ------0 -> 'exit ------0'
Expected Exit: 2 | Actual Exit: 0
Expected Output: exit
bash: exit: ------0: numeric argument required
~/minishell $>
Actual Output (Combined):
foo$> exit ------0
exit

Notes: 
Reasons: Exit Code Mismatch: Expected 2, Got 0
--------------------------------------------------


[FAIL] Category: EXIT  â›” | Line: 506
Command: $> exit '----666' -> 'exit '----666''
Expected Exit: 2 | Actual Exit: 0
Expected Output: exit
bash: exit: ----666: numeric argument required
~/minishell $>
Actual Output (Combined):
foo$> exit '----666'
exit

Notes: Marche aussi pour les double quotes
Reasons: Exit Code Mismatch: Expected 2, Got 0
--------------------------------------------------


[FAIL] Category: EXIT  â›” | Line: 507
Command: $> exit '++++666' -> 'exit '++++666''
Expected Exit: 2 | Actual Exit: 0
Expected Output: exit
bash: exit: ++++666: numeric argument required
~/minishell $>
Actual Output (Combined):
foo$> exit '++++666'
exit

Notes: Marche aussi pour les double quotes
Reasons: Exit Code Mismatch: Expected 2, Got 0
--------------------------------------------------


[FAIL] Category: EXIT  â›” | Line: 510
Command: $> exit "'666'" -> 'exit "'666'"'
Expected Exit: 2 | Actual Exit: 0
Expected Output: exit
bash: exit: '666': numeric argument required
~/minishell $>
Actual Output (Combined):
foo$> exit "'666'"
exit

Notes: 
Reasons: Exit Code Mismatch: Expected 2, Got 0
--------------------------------------------------


[FAIL] Category: EXIT  â›” | Line: 511
Command: $> exit '"666"' -> 'exit '"666"''
Expected Exit: 2 | Actual Exit: 0
Expected Output: exit
bash: exit: "666": numeric argument required
~/minishell $>
Actual Output (Combined):
foo$> exit '"666"'
exit

Notes: 
Reasons: Exit Code Mismatch: Expected 2, Got 0
--------------------------------------------------


[FAIL] Category: EXIT  â›” | Line: 516
Command: $> exit 9223372036854775808 -> 'exit 9223372036854775808'
Expected Exit: 2 | Actual Exit: 0
Expected Output: exit
bash: exit: 9223372036854775808: numeric argument required
~/minishell $>
Actual Output (Combined):
foo$> exit 9223372036854775808
exit

Notes: 
Reasons: Exit Code Mismatch: Expected 2, Got 0
--------------------------------------------------


[FAIL] Category: EXIT  â›” | Line: 518
Command: $> exit -9223372036854775809 -> 'exit -9223372036854775809'
Expected Exit: 2 | Actual Exit: 255
Expected Output: exit
bash: exit: -9223372036854775809: numeric argument required
~/minishell $>
Actual Output (Combined):
foo$> exit -9223372036854775809
exit

Notes: 
Reasons: Exit Code Mismatch: Expected 2, Got 255
--------------------------------------------------


[FAIL] Category: PIPES ðŸš¬ | Line: 521
Command: $> ls | exit 42 -> 'ls | exit 42'
Expected Exit: 42 | Actual Exit: 0
Expected Output: $>
Actual Output (Combined):
foo$> ls | exit 42
foo$> exit

Notes: Ne fait rien
Reasons: Exit Code Mismatch: Expected 42, Got 0
--------------------------------------------------


[FAIL] Category: PIPES ðŸš¬ | Line: 538
Command: $> ifconfig | grep hola -> 'ifconfig | grep hola'
Expected Exit: 1 | Actual Exit: 0
Expected Output: $>
Actual Output (Combined):
foo$> ifconfig | grep hola
foo$> exit

Notes: 
Reasons: Exit Code Mismatch: Expected 1, Got 0
--------------------------------------------------


[FAIL] Category: PIPES ðŸš¬ | Line: 543
Command: $> ls | hola -> 'ls | hola'
Expected Exit: 127 | Actual Exit: 0
Expected Output: bash: hola: command not found
$>
Actual Output (Combined):
foo$> ls | hola

foo$> exit
Permission denied
Notes: 
Reasons: Exit Code Mismatch: Expected 127, Got 0
--------------------------------------------------


[FAIL] Category: PIPES ðŸš¬ | Line: 544
Command: $> ls | ls hola -> 'ls | ls hola'
Expected Exit: 2 | Actual Exit: 0
Expected Output: ls: cannot access 'hola': No such file or directory
$>
Actual Output (Combined):
foo$> ls | ls hola
hola
foo$> exit

Notes: 
Reasons: Exit Code Mismatch: Expected 2, Got 0
--------------------------------------------------


[FAIL] Category: PIPES ðŸš¬ | Line: 545
Command: $> ls | ls | hola -> 'ls | ls | hola'
Expected Exit: 127 | Actual Exit: 0
Expected Output: bash: hola: command not found
$>
Actual Output (Combined):
foo$> ls | ls | hola

<
>
>>
|
$BYEd
$HOLAs
a
bonjour
BYEd
c
cat
cd
d
echo
echo 
env
exit
export
hola
HOLABYEd
l
l$HOLA
ls
minishell
mkdir
pwd
rm
s
unset
foo$> exit
Permission denied
Notes: 
Reasons: Exit Code Mismatch: Expected 127, Got 0
--------------------------------------------------


[FAIL] Category: PIPES ðŸš¬ | Line: 546
Command: $> ls | hola | ls -> 'ls | hola | ls'
Expected Exit: 0 | Actual Exit: 0
Expected Output: bash: hola: command not found
crashtest.c  Docs  Dockers  Drawings  Makefile  minishell  philosophers  srcs  test.c
$>
Actual Output (Combined):
foo$> ls | hola | ls

<
>
>>
|
$BYEd
$HOLAs
a
bonjour
BYEd
c
cat
cd
d
echo
echo 
env
exit
export
hola
HOLABYEd
l
l$HOLA
ls
minishell
mkdir
pwd
rm
s
unset
foo$> exit
Permission denied
Notes: 
Reasons: Missing 'command not found' message
--------------------------------------------------


[FAIL] Category: PIPES ðŸš¬ | Line: 547
Command: $> ls | ls | hola | rev -> 'ls | ls | hola | rev'
Expected Exit: 0 | Actual Exit: 0
Expected Output: bash: hola: command not found
$>
Actual Output (Combined):
foo$> ls | ls | hola | rev

<
>
>>
|
$BYEd
$HOLAs
a
bonjour
BYEd
c
cat
cd
d
echo
echo 
env
exit
export
hola
HOLABYEd
l
l$HOLA
ls
minishell
mkdir
pwd
rm
s
unset
foo$> exit
Permission denied
Notes: 
Reasons: Missing 'command not found' message
--------------------------------------------------


[FAIL] Category: PIPES ðŸš¬ | Line: 559
Command: $> echo hola ||| cat -> 'echo hola ||| cat'
Expected Exit: 2 | Actual Exit: 0
Expected Output: bash: syntax error near
unexpected token `|'
$>
Actual Output (Combined):
foo$> echo hola ||| cat

foo$> exit
Minishell : Error parsing
Notes: 
Reasons: Exit Code Mismatch: Expected 2, Got 0
--------------------------------------------------


[FAIL] Category: PIPES ðŸš¬ | Line: 560
Command: $> ech|o hola | cat -> 'ech|o hola | cat'
Expected Exit: 127 | Actual Exit: 0
Expected Output: bash: ech: command not found
bash: o: command not found
$>
Actual Output (Combined):
foo$> ech|o hola | cat

foo$> exit
No such file or directoryNo such file or directory
Notes: 
Reasons: Exit Code Mismatch: Expected 127, Got 0
--------------------------------------------------


[FAIL] Category: PIPES ðŸš¬ | Line: 564
Command: $> cat Makefile | grep pr | head -n 5 | cd file_not_exist -> 'cat Makefile | grep pr | head -n 5 | cd file_not_exist'
Expected Exit: 1 | Actual Exit: 0
Expected Output: bash: cd: file_not_exist: No such file or directory
$>
Actual Output (Combined):
foo$> cat Makefile | grep pr | head -n 5 | cd file_not_exist

foo$> exit
Minishell : cdcat: Makefile: No such file or directory
head: error reading 'standard input': Bad file descriptor
grep: (standard input): Bad file descriptor
grep: (standard input): Bad file descriptor

Notes: 
Reasons: Exit Code Mismatch: Expected 1, Got 0
--------------------------------------------------


[FAIL] Category: PIPES ðŸš¬ | Line: 565
Command: $> cat Makefile | grep pr | head -n 5 | hello -> 'cat Makefile | grep pr | head -n 5 | hello'
Expected Exit: 127 | Actual Exit: 0
Expected Output: bash: hello: command not found
$>
Actual Output (Combined):
foo$> cat Makefile | grep pr | head -n 5 | hello

foo$> exit
cat: Makefile: No such file or directory
No such file or directorygrep: (standard input): Bad file descriptor
grep: (standard input): Bad file descriptor
head: error reading 'standard input': Bad file descriptor

Notes: 
Reasons: Exit Code Mismatch: Expected 127, Got 0
--------------------------------------------------


[FAIL] Category: PIPES ðŸš¬ | Line: 570
Command: $> sleep 3 | sleep 3 -> 'sleep 3 | sleep 3'
Expected Exit: 0 | Actual Exit: -1
Expected Output: $>
Actual Output (Combined):
Timeout
Notes: Le prompt apparait au bout de 3 secondes
Reasons: Exit Code Mismatch: Expected 0, Got -1
--------------------------------------------------


[FAIL] Category: PIPES ðŸš¬ | Line: 571
Command: $> time sleep 3 | sleep 3 -> 'time sleep 3 | sleep 3'
Expected Exit: 0 | Actual Exit: -1
Expected Output: real	0m3.002s
user	0m0.003s
sys	0m0.001s
$>
Actual Output (Combined):
Timeout
Notes: Le prompt apparait au bout de 3 secondes
Reasons: Exit Code Mismatch: Expected 0, Got -1
--------------------------------------------------


[FAIL] Category: PIPES ðŸš¬ | Line: 572
Command: $> sleep 3 | exit -> 'sleep 3 | exit'
Expected Exit: 0 | Actual Exit: -1
Expected Output: $>
Actual Output (Combined):
Timeout
Notes: Le prompt apparait au bout de 3 secondes
Reasons: Exit Code Mismatch: Expected 0, Got -1
--------------------------------------------------


[FAIL] Category: PIPES ðŸš¬ | Line: 573
Command: $> exit | sleep 3 -> 'exit | sleep 3'
Expected Exit: 0 | Actual Exit: -1
Expected Output: $>
Actual Output (Combined):
Timeout
Notes: Le prompt apparait au bout de 3 secondes
Reasons: Exit Code Mismatch: Expected 0, Got -1
--------------------------------------------------


[FAIL] Category: << << << << << << << << << << << << << << << <<  < REDIRECTIONS >  >> >> >> >> >> >> >> >> >> >> >> >> >> >> >> >> >> >> >> >> >> >> | Line: 650
Command: $> echo hola > > bonjour -> 'echo hola > > bonjour'
Expected Exit: 2 | Actual Exit: 0
Expected Output: bash: syntax error near unexpected token `>'
$>
Actual Output (Combined):
foo$> echo hola > > bonjour
hola
bonjour
foo$> exit

Notes: 
Reasons: Exit Code Mismatch: Expected 2, Got 0
--------------------------------------------------


[FAIL] Category: << << << << << << << << << << << << << << << <<  < REDIRECTIONS >  >> >> >> >> >> >> >> >> >> >> >> >> >> >> >> >> >> >> >> >> >> >> | Line: 651
Command: $> echo hola < < bonjour -> 'echo hola < < bonjour'
Expected Exit: 2 | Actual Exit: 0
Expected Output: bash: syntax error near unexpected token `<'
$>
Actual Output (Combined):
foo$> echo hola < < bonjour
hola
bonjour
foo$> exit

Notes: 
Reasons: Exit Code Mismatch: Expected 2, Got 0
--------------------------------------------------


[FAIL] Category: << << << << << << << << << << << << << << << <<  < REDIRECTIONS >  >> >> >> >> >> >> >> >> >> >> >> >> >> >> >> >> >> >> >> >> >> >> | Line: 652
Command: $> echo hola >>> bonjour -> 'echo hola >>> bonjour'
Expected Exit: 2 | Actual Exit: 0
Expected Output: bash: syntax error near unexpected token `>'
$>
Actual Output (Combined):
foo$> echo hola >>> bonjour

foo$> exit
Minishell : Error parsing
Notes: 
Reasons: Exit Code Mismatch: Expected 2, Got 0
--------------------------------------------------


[FAIL] Category: << << << << << << << << << << << << << << << <<  < REDIRECTIONS >  >> >> >> >> >> >> >> >> >> >> >> >> >> >> >> >> >> >> >> >> >> >> | Line: 655
Command: $> prout hola > bonjour
$> ls -> 'prout hola > bonjour
$> ls'
Expected Exit: 127
0 | Actual Exit: 0
Expected Output: bash: prout: command not found
$>
bonjour [...]
Actual Output (Combined):
foo$> prout hola > bonjour

foo$> $> ls

foo$> exit
No such file or directoryNo such file or directory
Notes: Erreur mais file "bonjour" cree tout de meme
Reasons: Missing 'command not found' message
--------------------------------------------------


[FAIL] Category: << << << << << << << << << << << << << << << <<  < REDIRECTIONS >  >> >> >> >> >> >> >> >> >> >> >> >> >> >> >> >> >> >> >> >> >> >> | Line: 679
Command: $> < pwd -> '< pwd'
Expected Exit: 1 | Actual Exit: 0
Expected Output: bash: pwd: No such file or directory
$>
Actual Output (Combined):
foo$> < pwd

foo$> exit
Bad address
Notes: 
Reasons: Exit Code Mismatch: Expected 1, Got 0
--------------------------------------------------


[FAIL] Category: << << << << << << << << << << << << << << << <<  < REDIRECTIONS >  >> >> >> >> >> >> >> >> >> >> >> >> >> >> >> >> >> >> >> >> >> >> | Line: 681
Command: $> cat <pwd -> 'cat <pwd'
Expected Exit: 1 | Actual Exit: 0
Expected Output: bash: pwd: No such file or directory
$>
Actual Output (Combined):
foo$> cat <pwd
foo$> exit

Notes: 
Reasons: Exit Code Mismatch: Expected 1, Got 0
--------------------------------------------------


[FAIL] Category: << << << << << << << << << << << << << << << <<  < REDIRECTIONS >  >> >> >> >> >> >> >> >> >> >> >> >> >> >> >> >> >> >> >> >> >> >> | Line: 682
Command: $> cat <srcs/pwd -> 'cat <srcs/pwd'
Expected Exit: 1 | Actual Exit: 0
Expected Output: bash: srcs/pwd: No such file or directory
$>
Actual Output (Combined):
foo$> cat <srcs/pwd

foo$> exit
Minishell : Error parsing
Notes: 
Reasons: Exit Code Mismatch: Expected 1, Got 0
--------------------------------------------------


[FAIL] Category: << << << << << << << << << << << << << << << <<  < REDIRECTIONS >  >> >> >> >> >> >> >> >> >> >> >> >> >> >> >> >> >> >> >> >> >> >> | Line: 683
Command: $> cat <../pwd -> 'cat <../pwd'
Expected Exit: 1 | Actual Exit: 0
Expected Output: bash: ../pwd: No such file or directory
$>
Actual Output (Combined):
foo$> cat <../pwd

foo$> exit
Minishell : Error parsing
Notes: 
Reasons: Exit Code Mismatch: Expected 1, Got 0
--------------------------------------------------


[FAIL] Category: << << << << << << << << << << << << << << << <<  < REDIRECTIONS >  >> >> >> >> >> >> >> >> >> >> >> >> >> >> >> >> >> >> >> >> >> >> | Line: 684
Command: $> cat >> -> 'cat >>'
Expected Exit: 2 | Actual Exit: 0
Expected Output: bash: syntax error near unexpected token `newline' 
$>
Actual Output (Combined):
foo$> cat >>

foo$> exit
Minishell : Syntax error near unexpected token 'newline'
Notes: Marche aussi pour les autres operateurs de redirection
Reasons: Exit Code Mismatch: Expected 2, Got 0
--------------------------------------------------


[FAIL] Category: << << << << << << << << << << << << << << << <<  < REDIRECTIONS >  >> >> >> >> >> >> >> >> >> >> >> >> >> >> >> >> >> >> >> >> >> >> | Line: 685
Command: $> cat >>> -> 'cat >>>'
Expected Exit: 2 | Actual Exit: 0
Expected Output: bash: syntax error near unexpected token `>' 
$>
Actual Output (Combined):
foo$> cat >>>

foo$> exit
Minishell : Error parsing
Notes: 
Reasons: Exit Code Mismatch: Expected 2, Got 0
--------------------------------------------------


[FAIL] Category: << << << << << << << << << << << << << << << <<  < REDIRECTIONS >  >> >> >> >> >> >> >> >> >> >> >> >> >> >> >> >> >> >> >> >> >> >> | Line: 686
Command: $> cat >> << -> 'cat >> <<'
Expected Exit: 2 | Actual Exit: 0
Expected Output: bash: syntax error near unexpected token `<<' 
$>
Actual Output (Combined):
foo$> cat >> <<
foo$> exit

Notes: 
Reasons: Exit Code Mismatch: Expected 2, Got 0
--------------------------------------------------


[FAIL] Category: << << << << << << << << << << << << << << << <<  < REDIRECTIONS >  >> >> >> >> >> >> >> >> >> >> >> >> >> >> >> >> >> >> >> >> >> >> | Line: 687
Command: $> cat >> > >> << >> -> 'cat >> > >> << >>'
Expected Exit: 2 | Actual Exit: 0
Expected Output: bash: syntax error near unexpected token `>' 
$>
Actual Output (Combined):
foo$> cat >> > >> << >>

foo$> exit
Minishell : Syntax error near unexpected token 'newline'
Notes: 
Reasons: Exit Code Mismatch: Expected 2, Got 0
--------------------------------------------------


[FAIL] Category: << << << << << << << << << << << << << << << <<  < REDIRECTIONS >  >> >> >> >> >> >> >> >> >> >> >> >> >> >> >> >> >> >> >> >> >> >> | Line: 688
Command: $> cat < ls -> 'cat < ls'
Expected Exit: 1 | Actual Exit: 0
Expected Output: bash: ls: No such file or directory
$>
Actual Output (Combined):
foo$> cat < ls
foo$> exit

Notes: 
Reasons: Exit Code Mismatch: Expected 1, Got 0
--------------------------------------------------


[FAIL] Category: << << << << << << << << << << << << << << << <<  < REDIRECTIONS >  >> >> >> >> >> >> >> >> >> >> >> >> >> >> >> >> >> >> >> >> >> >> | Line: 689
Command: $> cat < ls > ls -> 'cat < ls > ls'
Expected Exit: 1 | Actual Exit: 0
Expected Output: bash: ls: No such file or directory
$>
Actual Output (Combined):
foo$> cat < ls > ls
foo$> exit

Notes: 
Reasons: Exit Code Mismatch: Expected 1, Got 0
--------------------------------------------------


[FAIL] Category: HEREDOC â®ï¸ | Line: 744
Command: $> cat << hola -> 'cat << hola'
Expected Exit: 0 | Actual Exit: -1
Expected Output: > $HOME
> hola
/home/vietdu91
$> 
Actual Output (Combined):
Timeout
Notes: 
Reasons: Exit Code Mismatch: Expected 0, Got -1
--------------------------------------------------


[FAIL] Category: HEREDOC â®ï¸ | Line: 745
Command: $> cat << 'hola' -> 'cat << 'hola''
Expected Exit: 0 | Actual Exit: -1
Expected Output: > $HOME
> hola
$HOME
$>
Actual Output (Combined):
Timeout
Notes: 
Reasons: Exit Code Mismatch: Expected 0, Got -1
--------------------------------------------------


[FAIL] Category: HEREDOC â®ï¸ | Line: 746
Command: $> cat << "hola" -> 'cat << "hola"'
Expected Exit: 0 | Actual Exit: -1
Expected Output: > $HOME
> hola
$HOME
$>
Actual Output (Combined):
Timeout
Notes: 
Reasons: Exit Code Mismatch: Expected 0, Got -1
--------------------------------------------------


[FAIL] Category: HEREDOC â®ï¸ | Line: 747
Command: $> cat << ho"la" -> 'cat << ho"la"'
Expected Exit: 0 | Actual Exit: -1
Expected Output: > $HOME
> hola
$HOME
$>
Actual Output (Combined):
Timeout
Notes: 
Reasons: Exit Code Mismatch: Expected 0, Got -1
--------------------------------------------------


[FAIL] Category: HEREDOC â®ï¸ | Line: 748
Command: $> cat << $HOME -> 'cat << $HOME'
Expected Exit: 0 | Actual Exit: -1
Expected Output: > prout
> /home/vietdu91
> $HO
> $HOME
$>
Actual Output (Combined):
Timeout
Notes: 
Reasons: Exit Code Mismatch: Expected 0, Got -1
--------------------------------------------------


[FAIL] Category: HEREDOC â®ï¸ | Line: 749
Command: $> cat << hola > bonjour
$> cat bonjour -> 'cat << hola > bonjour
$> cat bonjour'
Expected Exit: 0 | Actual Exit: -1
Expected Output: > prout
> croutte
> antoine pue
> hola
$>
prout
croutte
antoine pue
Actual Output (Combined):
Timeout
Notes: 
Reasons: Exit Code Mismatch: Expected 0, Got -1
--------------------------------------------------


[FAIL] Category: HEREDOC â®ï¸ | Line: 750
Command: $> cat << hola | rev -> 'cat << hola | rev'
Expected Exit: 0 | Actual Exit: -1
Expected Output: > prout
> croutte
> antoine pue
> hola
tuorp
ettuorc
eup eniotna
$>
Actual Output (Combined):
Timeout
Notes: 
Reasons: Exit Code Mismatch: Expected 0, Got -1
--------------------------------------------------


[FAIL] Category: HEREDOC â®ï¸ | Line: 753
Command: $> cat << -> 'cat <<'
Expected Exit: 2 | Actual Exit: 0
Expected Output: bash: syntax error near unexpected token `newline'
$>
Actual Output (Combined):
foo$> cat <<

foo$> exit
Minishell : Syntax error near unexpected token 'newline'
Notes: 
Reasons: Exit Code Mismatch: Expected 2, Got 0
--------------------------------------------------


[FAIL] Category: HEREDOC â®ï¸ | Line: 754
Command: $> cat << prout << lol << koala -> 'cat << prout << lol << koala'
Expected Exit: 0 | Actual Exit: -1
Expected Output: > prout
> lol
> koala
$>
Actual Output (Combined):
Timeout
Notes: 
Reasons: Exit Code Mismatch: Expected 0, Got -1
--------------------------------------------------


[FAIL] Category: HEREDOC â®ï¸ | Line: 755
Command: $> prout << lol << cat << koala -> 'prout << lol << cat << koala'
Expected Exit: 127 | Actual Exit: -1
Expected Output: > prout
> lol
> cat
> koala
bash: prout: command not found
Actual Output (Combined):
Timeout
Notes: 
Reasons: Exit Code Mismatch: Expected 127, Got -1
--------------------------------------------------


[FAIL] Category: HEREDOC â®ï¸ | Line: 761
Command: $> echo hola <<<< bonjour -> 'echo hola <<<< bonjour'
Expected Exit: 2 | Actual Exit: 0
Expected Output: bash: syntax error near unexpected token `<'
$>
Actual Output (Combined):
foo$> echo hola <<<< bonjour

foo$> exit
Minishell : Error parsing
Notes: 
Reasons: Exit Code Mismatch: Expected 2, Got 0
--------------------------------------------------


[FAIL] Category: HEREDOC â®ï¸ | Line: 762
Command: $> echo hola <<<<< bonjour -> 'echo hola <<<<< bonjour'
Expected Exit: 2 | Actual Exit: 0
Expected Output: bash: syntax error near unexpected token `<<'
$>
Actual Output (Combined):
foo$> echo hola <<<<< bonjour

foo$> exit
Minishell : Error parsing
Notes: 
Reasons: Exit Code Mismatch: Expected 2, Got 0
--------------------------------------------------
